{"E:\\LeoLChalot\\github\\distant\\BTSSIO-maison-des-ligues\\server\\server.js": {"path":"E:\\LeoLChalot\\github\\distant\\BTSSIO-maison-des-ligues\\server\\server.js","statementMap":{"0":{"start":{"line":1,"column":16},"end":{"line":1,"column":34}},"1":{"start":{"line":2,"column":13},"end":{"line":2,"column":28}},"2":{"start":{"line":3,"column":13},"end":{"line":3,"column":28}},"3":{"start":{"line":4,"column":12},"end":{"line":4,"column":21}},"4":{"start":{"line":5,"column":13},"end":{"line":5,"column":17}},"5":{"start":{"line":6,"column":21},"end":{"line":6,"column":45}},"6":{"start":{"line":9,"column":0},"end":{"line":9,"column":67}},"7":{"start":{"line":11,"column":23},"end":{"line":11,"column":56}},"8":{"start":{"line":12,"column":20},"end":{"line":12,"column":50}},"9":{"start":{"line":13,"column":20},"end":{"line":13,"column":50}},"10":{"start":{"line":14,"column":21},"end":{"line":14,"column":52}},"11":{"start":{"line":15,"column":20},"end":{"line":15,"column":50}},"12":{"start":{"line":17,"column":0},"end":{"line":22,"column":3}},"13":{"start":{"line":25,"column":18},"end":{"line":25,"column":68}},"14":{"start":{"line":26,"column":20},"end":{"line":36,"column":1}},"15":{"start":{"line":28,"column":6},"end":{"line":32,"column":7}},"16":{"start":{"line":29,"column":9},"end":{"line":29,"column":30}},"17":{"start":{"line":31,"column":9},"end":{"line":31,"column":52}},"18":{"start":{"line":38,"column":0},"end":{"line":38,"column":24}},"19":{"start":{"line":40,"column":0},"end":{"line":40,"column":27}},"20":{"start":{"line":43,"column":0},"end":{"line":43,"column":34}},"21":{"start":{"line":46,"column":0},"end":{"line":46,"column":41}},"22":{"start":{"line":49,"column":0},"end":{"line":49,"column":35}},"23":{"start":{"line":52,"column":0},"end":{"line":52,"column":37}},"24":{"start":{"line":55,"column":0},"end":{"line":55,"column":35}},"25":{"start":{"line":58,"column":0},"end":{"line":60,"column":3}},"26":{"start":{"line":59,"column":3},"end":{"line":59,"column":52}},"27":{"start":{"line":63,"column":0},"end":{"line":65,"column":3}},"28":{"start":{"line":64,"column":3},"end":{"line":64,"column":53}},"29":{"start":{"line":68,"column":0},"end":{"line":70,"column":3}},"30":{"start":{"line":69,"column":3},"end":{"line":69,"column":55}},"31":{"start":{"line":73,"column":0},"end":{"line":76,"column":3}},"32":{"start":{"line":74,"column":3},"end":{"line":74,"column":28}},"33":{"start":{"line":75,"column":3},"end":{"line":75,"column":62}},"34":{"start":{"line":78,"column":0},"end":{"line":80,"column":3}},"35":{"start":{"line":79,"column":3},"end":{"line":79,"column":41}}},"fnMap":{"0":{"name":"(anonymous_0)","decl":{"start":{"line":27,"column":11},"end":{"line":27,"column":12}},"loc":{"start":{"line":27,"column":39},"end":{"line":33,"column":4}},"line":27},"1":{"name":"(anonymous_1)","decl":{"start":{"line":58,"column":8},"end":{"line":58,"column":9}},"loc":{"start":{"line":58,"column":28},"end":{"line":60,"column":1}},"line":58},"2":{"name":"(anonymous_2)","decl":{"start":{"line":63,"column":8},"end":{"line":63,"column":9}},"loc":{"start":{"line":63,"column":28},"end":{"line":65,"column":1}},"line":63},"3":{"name":"(anonymous_3)","decl":{"start":{"line":68,"column":8},"end":{"line":68,"column":9}},"loc":{"start":{"line":68,"column":22},"end":{"line":70,"column":1}},"line":68},"4":{"name":"(anonymous_4)","decl":{"start":{"line":73,"column":8},"end":{"line":73,"column":9}},"loc":{"start":{"line":73,"column":33},"end":{"line":76,"column":1}},"line":73},"5":{"name":"(anonymous_5)","decl":{"start":{"line":78,"column":34},"end":{"line":78,"column":35}},"loc":{"start":{"line":78,"column":40},"end":{"line":80,"column":1}},"line":78}},"branchMap":{"0":{"loc":{"start":{"line":28,"column":6},"end":{"line":32,"column":7}},"type":"if","locations":[{"start":{"line":28,"column":6},"end":{"line":32,"column":7}},{"start":{"line":30,"column":13},"end":{"line":32,"column":7}}],"line":28},"1":{"loc":{"start":{"line":28,"column":10},"end":{"line":28,"column":53}},"type":"binary-expr","locations":[{"start":{"line":28,"column":10},"end":{"line":28,"column":42}},{"start":{"line":28,"column":46},"end":{"line":28,"column":53}}],"line":28}},"s":{"0":1,"1":1,"2":1,"3":1,"4":1,"5":1,"6":1,"7":1,"8":1,"9":1,"10":1,"11":1,"12":1,"13":1,"14":1,"15":2,"16":2,"17":0,"18":1,"19":1,"20":1,"21":1,"22":1,"23":1,"24":1,"25":1,"26":0,"27":1,"28":0,"29":1,"30":0,"31":1,"32":0,"33":0,"34":1,"35":1},"f":{"0":2,"1":0,"2":0,"3":0,"4":0,"5":1},"b":{"0":[2,0],"1":[2,2]},"_coverageSchema":"1a1c01bbd47fc00a2c39e90264f33305004495a9","hash":"cf068e32a9d85d48fabef00b931a3be40c2f93d8"}
,"E:\\LeoLChalot\\github\\distant\\BTSSIO-maison-des-ligues\\server\\controller\\adminController.js": {"path":"E:\\LeoLChalot\\github\\distant\\BTSSIO-maison-des-ligues\\server\\controller\\adminController.js","statementMap":{"0":{"start":{"line":1,"column":21},"end":{"line":1,"column":54}},"1":{"start":{"line":2,"column":23},"end":{"line":2,"column":58}},"2":{"start":{"line":3,"column":21},"end":{"line":3,"column":54}},"3":{"start":{"line":4,"column":19},"end":{"line":4,"column":50}},"4":{"start":{"line":6,"column":23},"end":{"line":6,"column":38}},"5":{"start":{"line":15,"column":0},"end":{"line":48,"column":2}},"6":{"start":{"line":16,"column":3},"end":{"line":47,"column":4}},"7":{"start":{"line":17,"column":24},"end":{"line":17,"column":52}},"8":{"start":{"line":18,"column":29},"end":{"line":18,"column":49}},"9":{"start":{"line":20,"column":20},"end":{"line":20,"column":34}},"10":{"start":{"line":22,"column":24},"end":{"line":26,"column":7}},"11":{"start":{"line":27,"column":6},"end":{"line":33,"column":7}},"12":{"start":{"line":28,"column":9},"end":{"line":32,"column":11}},"13":{"start":{"line":35,"column":6},"end":{"line":39,"column":7}},"14":{"start":{"line":36,"column":9},"end":{"line":38,"column":12}},"15":{"start":{"line":41,"column":6},"end":{"line":41,"column":53}},"16":{"start":{"line":43,"column":6},"end":{"line":43,"column":53}},"17":{"start":{"line":44,"column":6},"end":{"line":44,"column":18}},"18":{"start":{"line":46,"column":6},"end":{"line":46,"column":38}},"19":{"start":{"line":57,"column":0},"end":{"line":88,"column":2}},"20":{"start":{"line":58,"column":3},"end":{"line":87,"column":4}},"21":{"start":{"line":59,"column":24},"end":{"line":59,"column":52}},"22":{"start":{"line":60,"column":29},"end":{"line":60,"column":49}},"23":{"start":{"line":62,"column":25},"end":{"line":62,"column":33}},"24":{"start":{"line":64,"column":29},"end":{"line":64,"column":47}},"25":{"start":{"line":65,"column":19},"end":{"line":68,"column":7}},"26":{"start":{"line":70,"column":6},"end":{"line":75,"column":7}},"27":{"start":{"line":71,"column":9},"end":{"line":73,"column":12}},"28":{"start":{"line":74,"column":9},"end":{"line":74,"column":16}},"29":{"start":{"line":77,"column":21},"end":{"line":80,"column":7}},"30":{"start":{"line":81,"column":6},"end":{"line":81,"column":35}},"31":{"start":{"line":83,"column":6},"end":{"line":83,"column":53}},"32":{"start":{"line":84,"column":6},"end":{"line":84,"column":18}},"33":{"start":{"line":86,"column":6},"end":{"line":86,"column":32}},"34":{"start":{"line":97,"column":0},"end":{"line":134,"column":2}},"35":{"start":{"line":98,"column":3},"end":{"line":133,"column":4}},"36":{"start":{"line":99,"column":27},"end":{"line":99,"column":45}},"37":{"start":{"line":101,"column":18},"end":{"line":101,"column":30}},"38":{"start":{"line":103,"column":6},"end":{"line":110,"column":7}},"39":{"start":{"line":104,"column":9},"end":{"line":109,"column":15}},"40":{"start":{"line":112,"column":24},"end":{"line":115,"column":7}},"41":{"start":{"line":117,"column":21},"end":{"line":120,"column":7}},"42":{"start":{"line":122,"column":6},"end":{"line":127,"column":7}},"43":{"start":{"line":123,"column":9},"end":{"line":126,"column":12}},"44":{"start":{"line":129,"column":6},"end":{"line":129,"column":53}},"45":{"start":{"line":130,"column":6},"end":{"line":130,"column":18}},"46":{"start":{"line":132,"column":6},"end":{"line":132,"column":32}},"47":{"start":{"line":143,"column":0},"end":{"line":169,"column":2}},"48":{"start":{"line":144,"column":3},"end":{"line":168,"column":4}},"49":{"start":{"line":145,"column":24},"end":{"line":145,"column":52}},"50":{"start":{"line":146,"column":27},"end":{"line":146,"column":45}},"51":{"start":{"line":148,"column":22},"end":{"line":148,"column":30}},"52":{"start":{"line":149,"column":26},"end":{"line":151,"column":7}},"53":{"start":{"line":152,"column":21},"end":{"line":155,"column":7}},"54":{"start":{"line":157,"column":6},"end":{"line":162,"column":7}},"55":{"start":{"line":158,"column":9},"end":{"line":161,"column":12}},"56":{"start":{"line":164,"column":6},"end":{"line":164,"column":53}},"57":{"start":{"line":165,"column":6},"end":{"line":165,"column":18}},"58":{"start":{"line":167,"column":6},"end":{"line":167,"column":32}},"59":{"start":{"line":171,"column":0},"end":{"line":223,"column":2}},"60":{"start":{"line":172,"column":3},"end":{"line":222,"column":4}},"61":{"start":{"line":173,"column":24},"end":{"line":173,"column":52}},"62":{"start":{"line":174,"column":25},"end":{"line":174,"column":41}},"63":{"start":{"line":177,"column":9},"end":{"line":177,"column":17}},"64":{"start":{"line":178,"column":23},"end":{"line":178,"column":26}},"65":{"start":{"line":181,"column":22},"end":{"line":189,"column":7}},"66":{"start":{"line":191,"column":26},"end":{"line":193,"column":7}},"67":{"start":{"line":195,"column":21},"end":{"line":195,"column":66}},"68":{"start":{"line":198,"column":6},"end":{"line":205,"column":7}},"69":{"start":{"line":199,"column":9},"end":{"line":204,"column":15}},"70":{"start":{"line":208,"column":21},"end":{"line":208,"column":64}},"71":{"start":{"line":211,"column":6},"end":{"line":216,"column":7}},"72":{"start":{"line":212,"column":9},"end":{"line":215,"column":12}},"73":{"start":{"line":218,"column":6},"end":{"line":218,"column":53}},"74":{"start":{"line":219,"column":6},"end":{"line":219,"column":18}},"75":{"start":{"line":221,"column":6},"end":{"line":221,"column":32}},"76":{"start":{"line":225,"column":0},"end":{"line":276,"column":2}},"77":{"start":{"line":226,"column":3},"end":{"line":275,"column":4}},"78":{"start":{"line":227,"column":24},"end":{"line":227,"column":52}},"79":{"start":{"line":228,"column":25},"end":{"line":228,"column":41}},"80":{"start":{"line":230,"column":22},"end":{"line":238,"column":7}},"81":{"start":{"line":240,"column":34},"end":{"line":244,"column":7}},"82":{"start":{"line":242,"column":30},"end":{"line":242,"column":44}},"83":{"start":{"line":246,"column":25},"end":{"line":248,"column":7}},"84":{"start":{"line":250,"column":21},"end":{"line":250,"column":65}},"85":{"start":{"line":252,"column":6},"end":{"line":257,"column":7}},"86":{"start":{"line":253,"column":9},"end":{"line":256,"column":12}},"87":{"start":{"line":259,"column":21},"end":{"line":262,"column":7}},"88":{"start":{"line":264,"column":6},"end":{"line":269,"column":7}},"89":{"start":{"line":265,"column":9},"end":{"line":268,"column":12}},"90":{"start":{"line":271,"column":6},"end":{"line":271,"column":53}},"91":{"start":{"line":272,"column":6},"end":{"line":272,"column":18}},"92":{"start":{"line":274,"column":6},"end":{"line":274,"column":32}},"93":{"start":{"line":278,"column":0},"end":{"line":331,"column":2}},"94":{"start":{"line":280,"column":3},"end":{"line":330,"column":4}},"95":{"start":{"line":281,"column":6},"end":{"line":281,"column":47}},"96":{"start":{"line":282,"column":25},"end":{"line":282,"column":41}},"97":{"start":{"line":284,"column":17},"end":{"line":284,"column":28}},"98":{"start":{"line":286,"column":25},"end":{"line":288,"column":7}},"99":{"start":{"line":290,"column":29},"end":{"line":293,"column":7}},"100":{"start":{"line":294,"column":6},"end":{"line":300,"column":7}},"101":{"start":{"line":295,"column":9},"end":{"line":298,"column":12}},"102":{"start":{"line":299,"column":9},"end":{"line":299,"column":16}},"103":{"start":{"line":301,"column":6},"end":{"line":324,"column":7}},"104":{"start":{"line":302,"column":31},"end":{"line":305,"column":10}},"105":{"start":{"line":306,"column":9},"end":{"line":306,"column":36}},"106":{"start":{"line":307,"column":24},"end":{"line":310,"column":10}},"107":{"start":{"line":311,"column":9},"end":{"line":314,"column":12}},"108":{"start":{"line":316,"column":24},"end":{"line":319,"column":10}},"109":{"start":{"line":320,"column":9},"end":{"line":323,"column":12}},"110":{"start":{"line":326,"column":6},"end":{"line":326,"column":53}},"111":{"start":{"line":327,"column":6},"end":{"line":327,"column":18}},"112":{"start":{"line":329,"column":6},"end":{"line":329,"column":32}}},"fnMap":{"0":{"name":"(anonymous_0)","decl":{"start":{"line":15,"column":25},"end":{"line":15,"column":26}},"loc":{"start":{"line":15,"column":45},"end":{"line":48,"column":1}},"line":15},"1":{"name":"(anonymous_1)","decl":{"start":{"line":57,"column":29},"end":{"line":57,"column":30}},"loc":{"start":{"line":57,"column":49},"end":{"line":88,"column":1}},"line":57},"2":{"name":"(anonymous_2)","decl":{"start":{"line":97,"column":25},"end":{"line":97,"column":26}},"loc":{"start":{"line":97,"column":45},"end":{"line":134,"column":1}},"line":97},"3":{"name":"(anonymous_3)","decl":{"start":{"line":143,"column":25},"end":{"line":143,"column":26}},"loc":{"start":{"line":143,"column":45},"end":{"line":169,"column":1}},"line":143},"4":{"name":"(anonymous_4)","decl":{"start":{"line":171,"column":24},"end":{"line":171,"column":25}},"loc":{"start":{"line":171,"column":44},"end":{"line":223,"column":1}},"line":171},"5":{"name":"(anonymous_5)","decl":{"start":{"line":225,"column":24},"end":{"line":225,"column":25}},"loc":{"start":{"line":225,"column":44},"end":{"line":276,"column":1}},"line":225},"6":{"name":"(anonymous_6)","decl":{"start":{"line":242,"column":12},"end":{"line":242,"column":13}},"loc":{"start":{"line":242,"column":30},"end":{"line":242,"column":44}},"line":242},"7":{"name":"(anonymous_7)","decl":{"start":{"line":278,"column":24},"end":{"line":278,"column":25}},"loc":{"start":{"line":278,"column":44},"end":{"line":331,"column":1}},"line":278}},"branchMap":{"0":{"loc":{"start":{"line":27,"column":6},"end":{"line":33,"column":7}},"type":"if","locations":[{"start":{"line":27,"column":6},"end":{"line":33,"column":7}},{"start":{},"end":{}}],"line":27},"1":{"loc":{"start":{"line":35,"column":6},"end":{"line":39,"column":7}},"type":"if","locations":[{"start":{"line":35,"column":6},"end":{"line":39,"column":7}},{"start":{},"end":{}}],"line":35},"2":{"loc":{"start":{"line":70,"column":6},"end":{"line":75,"column":7}},"type":"if","locations":[{"start":{"line":70,"column":6},"end":{"line":75,"column":7}},{"start":{},"end":{}}],"line":70},"3":{"loc":{"start":{"line":103,"column":6},"end":{"line":110,"column":7}},"type":"if","locations":[{"start":{"line":103,"column":6},"end":{"line":110,"column":7}},{"start":{},"end":{}}],"line":103},"4":{"loc":{"start":{"line":122,"column":6},"end":{"line":127,"column":7}},"type":"if","locations":[{"start":{"line":122,"column":6},"end":{"line":127,"column":7}},{"start":{},"end":{}}],"line":122},"5":{"loc":{"start":{"line":157,"column":6},"end":{"line":162,"column":7}},"type":"if","locations":[{"start":{"line":157,"column":6},"end":{"line":162,"column":7}},{"start":{},"end":{}}],"line":157},"6":{"loc":{"start":{"line":183,"column":14},"end":{"line":183,"column":32}},"type":"binary-expr","locations":[{"start":{"line":183,"column":14},"end":{"line":183,"column":17}},{"start":{"line":183,"column":21},"end":{"line":183,"column":32}}],"line":183},"7":{"loc":{"start":{"line":184,"column":16},"end":{"line":184,"column":56}},"type":"cond-expr","locations":[{"start":{"line":184,"column":23},"end":{"line":184,"column":32}},{"start":{"line":184,"column":35},"end":{"line":184,"column":56}}],"line":184},"8":{"loc":{"start":{"line":185,"column":22},"end":{"line":185,"column":57}},"type":"binary-expr","locations":[{"start":{"line":185,"column":22},"end":{"line":185,"column":33}},{"start":{"line":185,"column":37},"end":{"line":185,"column":57}}],"line":185},"9":{"loc":{"start":{"line":186,"column":15},"end":{"line":186,"column":24}},"type":"binary-expr","locations":[{"start":{"line":186,"column":15},"end":{"line":186,"column":19}},{"start":{"line":186,"column":23},"end":{"line":186,"column":24}}],"line":186},"10":{"loc":{"start":{"line":187,"column":19},"end":{"line":187,"column":32}},"type":"binary-expr","locations":[{"start":{"line":187,"column":19},"end":{"line":187,"column":27}},{"start":{"line":187,"column":31},"end":{"line":187,"column":32}}],"line":187},"11":{"loc":{"start":{"line":188,"column":23},"end":{"line":188,"column":54}},"type":"binary-expr","locations":[{"start":{"line":188,"column":23},"end":{"line":188,"column":32}},{"start":{"line":188,"column":36},"end":{"line":188,"column":54}}],"line":188},"12":{"loc":{"start":{"line":198,"column":6},"end":{"line":205,"column":7}},"type":"if","locations":[{"start":{"line":198,"column":6},"end":{"line":205,"column":7}},{"start":{},"end":{}}],"line":198},"13":{"loc":{"start":{"line":211,"column":6},"end":{"line":216,"column":7}},"type":"if","locations":[{"start":{"line":211,"column":6},"end":{"line":216,"column":7}},{"start":{},"end":{}}],"line":211},"14":{"loc":{"start":{"line":231,"column":14},"end":{"line":231,"column":34}},"type":"binary-expr","locations":[{"start":{"line":231,"column":14},"end":{"line":231,"column":26}},{"start":{"line":231,"column":30},"end":{"line":231,"column":34}}],"line":231},"15":{"loc":{"start":{"line":232,"column":16},"end":{"line":232,"column":47}},"type":"cond-expr","locations":[{"start":{"line":232,"column":27},"end":{"line":232,"column":40}},{"start":{"line":232,"column":43},"end":{"line":232,"column":47}}],"line":232},"16":{"loc":{"start":{"line":233,"column":22},"end":{"line":233,"column":50}},"type":"binary-expr","locations":[{"start":{"line":233,"column":22},"end":{"line":233,"column":42}},{"start":{"line":233,"column":46},"end":{"line":233,"column":50}}],"line":233},"17":{"loc":{"start":{"line":234,"column":15},"end":{"line":234,"column":36}},"type":"binary-expr","locations":[{"start":{"line":234,"column":15},"end":{"line":234,"column":28}},{"start":{"line":234,"column":32},"end":{"line":234,"column":36}}],"line":234},"18":{"loc":{"start":{"line":235,"column":19},"end":{"line":235,"column":44}},"type":"binary-expr","locations":[{"start":{"line":235,"column":19},"end":{"line":235,"column":36}},{"start":{"line":235,"column":40},"end":{"line":235,"column":44}}],"line":235},"19":{"loc":{"start":{"line":236,"column":23},"end":{"line":236,"column":52}},"type":"binary-expr","locations":[{"start":{"line":236,"column":23},"end":{"line":236,"column":44}},{"start":{"line":236,"column":48},"end":{"line":236,"column":52}}],"line":236},"20":{"loc":{"start":{"line":252,"column":6},"end":{"line":257,"column":7}},"type":"if","locations":[{"start":{"line":252,"column":6},"end":{"line":257,"column":7}},{"start":{},"end":{}}],"line":252},"21":{"loc":{"start":{"line":264,"column":6},"end":{"line":269,"column":7}},"type":"if","locations":[{"start":{"line":264,"column":6},"end":{"line":269,"column":7}},{"start":{},"end":{}}],"line":264},"22":{"loc":{"start":{"line":294,"column":6},"end":{"line":300,"column":7}},"type":"if","locations":[{"start":{"line":294,"column":6},"end":{"line":300,"column":7}},{"start":{},"end":{}}],"line":294},"23":{"loc":{"start":{"line":301,"column":6},"end":{"line":324,"column":7}},"type":"if","locations":[{"start":{"line":301,"column":6},"end":{"line":324,"column":7}},{"start":{"line":315,"column":13},"end":{"line":324,"column":7}}],"line":301}},"s":{"0":1,"1":1,"2":1,"3":1,"4":1,"5":1,"6":0,"7":0,"8":0,"9":0,"10":0,"11":0,"12":0,"13":0,"14":0,"15":0,"16":0,"17":0,"18":0,"19":1,"20":0,"21":0,"22":0,"23":0,"24":0,"25":0,"26":0,"27":0,"28":0,"29":0,"30":0,"31":0,"32":0,"33":0,"34":1,"35":0,"36":0,"37":0,"38":0,"39":0,"40":0,"41":0,"42":0,"43":0,"44":0,"45":0,"46":0,"47":1,"48":0,"49":0,"50":0,"51":0,"52":0,"53":0,"54":0,"55":0,"56":0,"57":0,"58":0,"59":1,"60":0,"61":0,"62":0,"63":0,"64":0,"65":0,"66":0,"67":0,"68":0,"69":0,"70":0,"71":0,"72":0,"73":0,"74":0,"75":0,"76":1,"77":0,"78":0,"79":0,"80":0,"81":0,"82":0,"83":0,"84":0,"85":0,"86":0,"87":0,"88":0,"89":0,"90":0,"91":0,"92":0,"93":1,"94":0,"95":0,"96":0,"97":0,"98":0,"99":0,"100":0,"101":0,"102":0,"103":0,"104":0,"105":0,"106":0,"107":0,"108":0,"109":0,"110":0,"111":0,"112":0},"f":{"0":0,"1":0,"2":0,"3":0,"4":0,"5":0,"6":0,"7":0},"b":{"0":[0,0],"1":[0,0],"2":[0,0],"3":[0,0],"4":[0,0],"5":[0,0],"6":[0,0],"7":[0,0],"8":[0,0],"9":[0,0],"10":[0,0],"11":[0,0],"12":[0,0],"13":[0,0],"14":[0,0],"15":[0,0],"16":[0,0],"17":[0,0],"18":[0,0],"19":[0,0],"20":[0,0],"21":[0,0],"22":[0,0],"23":[0,0]},"_coverageSchema":"1a1c01bbd47fc00a2c39e90264f33305004495a9","hash":"5d0a2a30c5936d064b3e3f7714e5ab7c59ca4242"}
,"E:\\LeoLChalot\\github\\distant\\BTSSIO-maison-des-ligues\\server\\controller\\boutiqueController.js": {"path":"E:\\LeoLChalot\\github\\distant\\BTSSIO-maison-des-ligues\\server\\controller\\boutiqueController.js","statementMap":{"0":{"start":{"line":1,"column":21},"end":{"line":1,"column":54}},"1":{"start":{"line":2,"column":21},"end":{"line":2,"column":54}},"2":{"start":{"line":3,"column":19},"end":{"line":3,"column":50}},"3":{"start":{"line":12,"column":0},"end":{"line":36,"column":2}},"4":{"start":{"line":14,"column":3},"end":{"line":35,"column":4}},"5":{"start":{"line":15,"column":6},"end":{"line":15,"column":47}},"6":{"start":{"line":16,"column":27},"end":{"line":16,"column":45}},"7":{"start":{"line":17,"column":21},"end":{"line":17,"column":59}},"8":{"start":{"line":18,"column":6},"end":{"line":18,"column":26}},"9":{"start":{"line":19,"column":6},"end":{"line":26,"column":9}},"10":{"start":{"line":27,"column":6},"end":{"line":27,"column":13}},"11":{"start":{"line":29,"column":6},"end":{"line":29,"column":53}},"12":{"start":{"line":30,"column":6},"end":{"line":30,"column":18}},"13":{"start":{"line":32,"column":6},"end":{"line":34,"column":7}},"14":{"start":{"line":33,"column":9},"end":{"line":33,"column":44}},"15":{"start":{"line":45,"column":0},"end":{"line":78,"column":2}},"16":{"start":{"line":47,"column":3},"end":{"line":77,"column":4}},"17":{"start":{"line":48,"column":6},"end":{"line":48,"column":47}},"18":{"start":{"line":49,"column":23},"end":{"line":51,"column":7}},"19":{"start":{"line":52,"column":27},"end":{"line":52,"column":45}},"20":{"start":{"line":53,"column":21},"end":{"line":53,"column":65}},"21":{"start":{"line":54,"column":6},"end":{"line":60,"column":7}},"22":{"start":{"line":55,"column":9},"end":{"line":58,"column":12}},"23":{"start":{"line":59,"column":9},"end":{"line":59,"column":16}},"24":{"start":{"line":61,"column":6},"end":{"line":68,"column":9}},"25":{"start":{"line":69,"column":6},"end":{"line":69,"column":13}},"26":{"start":{"line":71,"column":6},"end":{"line":71,"column":53}},"27":{"start":{"line":72,"column":6},"end":{"line":72,"column":18}},"28":{"start":{"line":74,"column":6},"end":{"line":76,"column":7}},"29":{"start":{"line":75,"column":9},"end":{"line":75,"column":44}},"30":{"start":{"line":87,"column":0},"end":{"line":121,"column":2}},"31":{"start":{"line":89,"column":3},"end":{"line":120,"column":4}},"32":{"start":{"line":90,"column":6},"end":{"line":90,"column":47}},"33":{"start":{"line":91,"column":24},"end":{"line":93,"column":7}},"34":{"start":{"line":94,"column":27},"end":{"line":94,"column":45}},"35":{"start":{"line":95,"column":21},"end":{"line":95,"column":66}},"36":{"start":{"line":96,"column":6},"end":{"line":96,"column":26}},"37":{"start":{"line":97,"column":6},"end":{"line":103,"column":7}},"38":{"start":{"line":98,"column":9},"end":{"line":101,"column":12}},"39":{"start":{"line":102,"column":9},"end":{"line":102,"column":16}},"40":{"start":{"line":104,"column":6},"end":{"line":111,"column":9}},"41":{"start":{"line":112,"column":6},"end":{"line":112,"column":13}},"42":{"start":{"line":114,"column":6},"end":{"line":114,"column":53}},"43":{"start":{"line":115,"column":6},"end":{"line":115,"column":18}},"44":{"start":{"line":117,"column":6},"end":{"line":119,"column":7}},"45":{"start":{"line":118,"column":9},"end":{"line":118,"column":44}},"46":{"start":{"line":130,"column":0},"end":{"line":150,"column":2}},"47":{"start":{"line":132,"column":3},"end":{"line":149,"column":4}},"48":{"start":{"line":133,"column":6},"end":{"line":133,"column":47}},"49":{"start":{"line":134,"column":25},"end":{"line":134,"column":41}},"50":{"start":{"line":135,"column":21},"end":{"line":135,"column":57}},"51":{"start":{"line":136,"column":6},"end":{"line":140,"column":9}},"52":{"start":{"line":141,"column":6},"end":{"line":141,"column":13}},"53":{"start":{"line":143,"column":6},"end":{"line":143,"column":53}},"54":{"start":{"line":144,"column":6},"end":{"line":144,"column":18}},"55":{"start":{"line":146,"column":6},"end":{"line":148,"column":7}},"56":{"start":{"line":147,"column":9},"end":{"line":147,"column":44}},"57":{"start":{"line":159,"column":0},"end":{"line":195,"column":2}},"58":{"start":{"line":161,"column":3},"end":{"line":194,"column":4}},"59":{"start":{"line":162,"column":6},"end":{"line":162,"column":47}},"60":{"start":{"line":163,"column":25},"end":{"line":163,"column":41}},"61":{"start":{"line":164,"column":30},"end":{"line":166,"column":7}},"62":{"start":{"line":167,"column":21},"end":{"line":170,"column":7}},"63":{"start":{"line":171,"column":6},"end":{"line":177,"column":7}},"64":{"start":{"line":172,"column":9},"end":{"line":175,"column":12}},"65":{"start":{"line":176,"column":9},"end":{"line":176,"column":16}},"66":{"start":{"line":178,"column":6},"end":{"line":185,"column":9}},"67":{"start":{"line":186,"column":6},"end":{"line":186,"column":13}},"68":{"start":{"line":188,"column":6},"end":{"line":188,"column":53}},"69":{"start":{"line":189,"column":6},"end":{"line":189,"column":18}},"70":{"start":{"line":191,"column":6},"end":{"line":193,"column":7}},"71":{"start":{"line":192,"column":9},"end":{"line":192,"column":44}},"72":{"start":{"line":204,"column":0},"end":{"line":237,"column":2}},"73":{"start":{"line":206,"column":3},"end":{"line":236,"column":4}},"74":{"start":{"line":207,"column":6},"end":{"line":207,"column":47}},"75":{"start":{"line":208,"column":25},"end":{"line":208,"column":41}},"76":{"start":{"line":209,"column":24},"end":{"line":211,"column":7}},"77":{"start":{"line":212,"column":6},"end":{"line":212,"column":59}},"78":{"start":{"line":213,"column":6},"end":{"line":219,"column":7}},"79":{"start":{"line":214,"column":9},"end":{"line":217,"column":12}},"80":{"start":{"line":218,"column":9},"end":{"line":218,"column":16}},"81":{"start":{"line":220,"column":6},"end":{"line":227,"column":9}},"82":{"start":{"line":228,"column":6},"end":{"line":228,"column":13}},"83":{"start":{"line":230,"column":6},"end":{"line":230,"column":53}},"84":{"start":{"line":231,"column":6},"end":{"line":231,"column":18}},"85":{"start":{"line":233,"column":6},"end":{"line":235,"column":7}},"86":{"start":{"line":234,"column":9},"end":{"line":234,"column":44}},"87":{"start":{"line":246,"column":0},"end":{"line":283,"column":2}},"88":{"start":{"line":248,"column":3},"end":{"line":282,"column":4}},"89":{"start":{"line":249,"column":6},"end":{"line":249,"column":47}},"90":{"start":{"line":250,"column":25},"end":{"line":250,"column":41}},"91":{"start":{"line":251,"column":32},"end":{"line":253,"column":7}},"92":{"start":{"line":254,"column":21},"end":{"line":257,"column":7}},"93":{"start":{"line":258,"column":6},"end":{"line":265,"column":7}},"94":{"start":{"line":259,"column":9},"end":{"line":259,"column":48}},"95":{"start":{"line":260,"column":9},"end":{"line":263,"column":12}},"96":{"start":{"line":264,"column":9},"end":{"line":264,"column":16}},"97":{"start":{"line":266,"column":6},"end":{"line":273,"column":9}},"98":{"start":{"line":274,"column":6},"end":{"line":274,"column":13}},"99":{"start":{"line":276,"column":6},"end":{"line":276,"column":53}},"100":{"start":{"line":277,"column":6},"end":{"line":277,"column":18}},"101":{"start":{"line":279,"column":6},"end":{"line":281,"column":7}},"102":{"start":{"line":280,"column":9},"end":{"line":280,"column":44}}},"fnMap":{"0":{"name":"(anonymous_0)","decl":{"start":{"line":12,"column":27},"end":{"line":12,"column":28}},"loc":{"start":{"line":12,"column":47},"end":{"line":36,"column":1}},"line":12},"1":{"name":"(anonymous_1)","decl":{"start":{"line":45,"column":26},"end":{"line":45,"column":27}},"loc":{"start":{"line":45,"column":46},"end":{"line":78,"column":1}},"line":45},"2":{"name":"(anonymous_2)","decl":{"start":{"line":87,"column":28},"end":{"line":87,"column":29}},"loc":{"start":{"line":87,"column":48},"end":{"line":121,"column":1}},"line":87},"3":{"name":"(anonymous_3)","decl":{"start":{"line":130,"column":25},"end":{"line":130,"column":26}},"loc":{"start":{"line":130,"column":45},"end":{"line":150,"column":1}},"line":130},"4":{"name":"(anonymous_4)","decl":{"start":{"line":159,"column":25},"end":{"line":159,"column":26}},"loc":{"start":{"line":159,"column":45},"end":{"line":195,"column":1}},"line":159},"5":{"name":"(anonymous_5)","decl":{"start":{"line":204,"column":27},"end":{"line":204,"column":28}},"loc":{"start":{"line":204,"column":47},"end":{"line":237,"column":1}},"line":204},"6":{"name":"(anonymous_6)","decl":{"start":{"line":246,"column":34},"end":{"line":246,"column":35}},"loc":{"start":{"line":246,"column":54},"end":{"line":283,"column":1}},"line":246}},"branchMap":{"0":{"loc":{"start":{"line":22,"column":12},"end":{"line":24,"column":34}},"type":"cond-expr","locations":[{"start":{"line":23,"column":17},"end":{"line":23,"column":39}},{"start":{"line":24,"column":17},"end":{"line":24,"column":34}}],"line":22},"1":{"loc":{"start":{"line":32,"column":6},"end":{"line":34,"column":7}},"type":"if","locations":[{"start":{"line":32,"column":6},"end":{"line":34,"column":7}},{"start":{},"end":{}}],"line":32},"2":{"loc":{"start":{"line":54,"column":6},"end":{"line":60,"column":7}},"type":"if","locations":[{"start":{"line":54,"column":6},"end":{"line":60,"column":7}},{"start":{},"end":{}}],"line":54},"3":{"loc":{"start":{"line":64,"column":12},"end":{"line":66,"column":34}},"type":"cond-expr","locations":[{"start":{"line":65,"column":17},"end":{"line":65,"column":39}},{"start":{"line":66,"column":17},"end":{"line":66,"column":34}}],"line":64},"4":{"loc":{"start":{"line":74,"column":6},"end":{"line":76,"column":7}},"type":"if","locations":[{"start":{"line":74,"column":6},"end":{"line":76,"column":7}},{"start":{},"end":{}}],"line":74},"5":{"loc":{"start":{"line":97,"column":6},"end":{"line":103,"column":7}},"type":"if","locations":[{"start":{"line":97,"column":6},"end":{"line":103,"column":7}},{"start":{},"end":{}}],"line":97},"6":{"loc":{"start":{"line":107,"column":12},"end":{"line":109,"column":34}},"type":"cond-expr","locations":[{"start":{"line":108,"column":17},"end":{"line":108,"column":39}},{"start":{"line":109,"column":17},"end":{"line":109,"column":34}}],"line":107},"7":{"loc":{"start":{"line":117,"column":6},"end":{"line":119,"column":7}},"type":"if","locations":[{"start":{"line":117,"column":6},"end":{"line":119,"column":7}},{"start":{},"end":{}}],"line":117},"8":{"loc":{"start":{"line":146,"column":6},"end":{"line":148,"column":7}},"type":"if","locations":[{"start":{"line":146,"column":6},"end":{"line":148,"column":7}},{"start":{},"end":{}}],"line":146},"9":{"loc":{"start":{"line":171,"column":6},"end":{"line":177,"column":7}},"type":"if","locations":[{"start":{"line":171,"column":6},"end":{"line":177,"column":7}},{"start":{},"end":{}}],"line":171},"10":{"loc":{"start":{"line":181,"column":12},"end":{"line":183,"column":32}},"type":"cond-expr","locations":[{"start":{"line":182,"column":17},"end":{"line":182,"column":37}},{"start":{"line":183,"column":17},"end":{"line":183,"column":32}}],"line":181},"11":{"loc":{"start":{"line":191,"column":6},"end":{"line":193,"column":7}},"type":"if","locations":[{"start":{"line":191,"column":6},"end":{"line":193,"column":7}},{"start":{},"end":{}}],"line":191},"12":{"loc":{"start":{"line":213,"column":6},"end":{"line":219,"column":7}},"type":"if","locations":[{"start":{"line":213,"column":6},"end":{"line":219,"column":7}},{"start":{},"end":{}}],"line":213},"13":{"loc":{"start":{"line":223,"column":12},"end":{"line":225,"column":32}},"type":"cond-expr","locations":[{"start":{"line":224,"column":17},"end":{"line":224,"column":37}},{"start":{"line":225,"column":17},"end":{"line":225,"column":32}}],"line":223},"14":{"loc":{"start":{"line":233,"column":6},"end":{"line":235,"column":7}},"type":"if","locations":[{"start":{"line":233,"column":6},"end":{"line":235,"column":7}},{"start":{},"end":{}}],"line":233},"15":{"loc":{"start":{"line":258,"column":6},"end":{"line":265,"column":7}},"type":"if","locations":[{"start":{"line":258,"column":6},"end":{"line":265,"column":7}},{"start":{},"end":{}}],"line":258},"16":{"loc":{"start":{"line":269,"column":12},"end":{"line":271,"column":32}},"type":"cond-expr","locations":[{"start":{"line":270,"column":17},"end":{"line":270,"column":37}},{"start":{"line":271,"column":17},"end":{"line":271,"column":32}}],"line":269},"17":{"loc":{"start":{"line":279,"column":6},"end":{"line":281,"column":7}},"type":"if","locations":[{"start":{"line":279,"column":6},"end":{"line":281,"column":7}},{"start":{},"end":{}}],"line":279}},"s":{"0":1,"1":1,"2":1,"3":1,"4":1,"5":1,"6":1,"7":1,"8":1,"9":1,"10":1,"11":0,"12":0,"13":1,"14":1,"15":1,"16":0,"17":0,"18":0,"19":0,"20":0,"21":0,"22":0,"23":0,"24":0,"25":0,"26":0,"27":0,"28":0,"29":0,"30":1,"31":0,"32":0,"33":0,"34":0,"35":0,"36":0,"37":0,"38":0,"39":0,"40":0,"41":0,"42":0,"43":0,"44":0,"45":0,"46":1,"47":1,"48":1,"49":1,"50":1,"51":1,"52":1,"53":0,"54":0,"55":1,"56":1,"57":1,"58":0,"59":0,"60":0,"61":0,"62":0,"63":0,"64":0,"65":0,"66":0,"67":0,"68":0,"69":0,"70":0,"71":0,"72":1,"73":0,"74":0,"75":0,"76":0,"77":0,"78":0,"79":0,"80":0,"81":0,"82":0,"83":0,"84":0,"85":0,"86":0,"87":1,"88":0,"89":0,"90":0,"91":0,"92":0,"93":0,"94":0,"95":0,"96":0,"97":0,"98":0,"99":0,"100":0,"101":0,"102":0},"f":{"0":1,"1":0,"2":0,"3":1,"4":0,"5":0,"6":0},"b":{"0":[1,0],"1":[1,0],"2":[0,0],"3":[0,0],"4":[0,0],"5":[0,0],"6":[0,0],"7":[0,0],"8":[1,0],"9":[0,0],"10":[0,0],"11":[0,0],"12":[0,0],"13":[0,0],"14":[0,0],"15":[0,0],"16":[0,0],"17":[0,0]},"_coverageSchema":"1a1c01bbd47fc00a2c39e90264f33305004495a9","hash":"960a10140aa71c94627c0456fd6594c54b7a02a2"}
,"E:\\LeoLChalot\\github\\distant\\BTSSIO-maison-des-ligues\\server\\controller\\panierController.js": {"path":"E:\\LeoLChalot\\github\\distant\\BTSSIO-maison-des-ligues\\server\\controller\\panierController.js","statementMap":{"0":{"start":{"line":1,"column":21},"end":{"line":1,"column":54}},"1":{"start":{"line":2,"column":19},"end":{"line":2,"column":50}},"2":{"start":{"line":3,"column":18},"end":{"line":3,"column":48}},"3":{"start":{"line":4,"column":28},"end":{"line":4,"column":68}},"4":{"start":{"line":5,"column":23},"end":{"line":5,"column":58}},"5":{"start":{"line":6,"column":20},"end":{"line":6,"column":52}},"6":{"start":{"line":7,"column":27},"end":{"line":7,"column":66}},"7":{"start":{"line":8,"column":29},"end":{"line":8,"column":70}},"8":{"start":{"line":10,"column":23},"end":{"line":10,"column":38}},"9":{"start":{"line":12,"column":0},"end":{"line":94,"column":2}},"10":{"start":{"line":14,"column":3},"end":{"line":93,"column":4}},"11":{"start":{"line":15,"column":6},"end":{"line":15,"column":47}},"12":{"start":{"line":17,"column":29},"end":{"line":17,"column":49}},"13":{"start":{"line":18,"column":24},"end":{"line":18,"column":39}},"14":{"start":{"line":19,"column":33},"end":{"line":19,"column":57}},"15":{"start":{"line":21,"column":21},"end":{"line":21,"column":38}},"16":{"start":{"line":22,"column":6},"end":{"line":27,"column":7}},"17":{"start":{"line":23,"column":9},"end":{"line":26,"column":12}},"18":{"start":{"line":29,"column":29},"end":{"line":31,"column":7}},"19":{"start":{"line":33,"column":30},"end":{"line":36,"column":7}},"20":{"start":{"line":37,"column":6},"end":{"line":42,"column":7}},"21":{"start":{"line":38,"column":9},"end":{"line":41,"column":12}},"22":{"start":{"line":48,"column":36},"end":{"line":50,"column":7}},"23":{"start":{"line":52,"column":25},"end":{"line":55,"column":7}},"24":{"start":{"line":57,"column":6},"end":{"line":57,"column":45}},"25":{"start":{"line":59,"column":6},"end":{"line":64,"column":7}},"26":{"start":{"line":60,"column":9},"end":{"line":63,"column":12}},"27":{"start":{"line":66,"column":31},"end":{"line":66,"column":57}},"28":{"start":{"line":68,"column":27},"end":{"line":71,"column":7}},"29":{"start":{"line":73,"column":6},"end":{"line":73,"column":52}},"30":{"start":{"line":75,"column":21},"end":{"line":79,"column":7}},"31":{"start":{"line":81,"column":6},"end":{"line":87,"column":9}},"32":{"start":{"line":89,"column":6},"end":{"line":89,"column":53}},"33":{"start":{"line":90,"column":6},"end":{"line":90,"column":18}},"34":{"start":{"line":92,"column":6},"end":{"line":92,"column":32}},"35":{"start":{"line":96,"column":0},"end":{"line":201,"column":2}},"36":{"start":{"line":98,"column":3},"end":{"line":200,"column":4}},"37":{"start":{"line":99,"column":6},"end":{"line":99,"column":47}},"38":{"start":{"line":101,"column":25},"end":{"line":101,"column":41}},"39":{"start":{"line":102,"column":33},"end":{"line":102,"column":57}},"40":{"start":{"line":104,"column":50},"end":{"line":104,"column":58}},"41":{"start":{"line":106,"column":6},"end":{"line":110,"column":9}},"42":{"start":{"line":112,"column":6},"end":{"line":117,"column":7}},"43":{"start":{"line":113,"column":9},"end":{"line":116,"column":12}},"44":{"start":{"line":118,"column":6},"end":{"line":123,"column":7}},"45":{"start":{"line":119,"column":9},"end":{"line":122,"column":12}},"46":{"start":{"line":124,"column":6},"end":{"line":126,"column":7}},"47":{"start":{"line":125,"column":9},"end":{"line":125,"column":22}},"48":{"start":{"line":128,"column":32},"end":{"line":130,"column":7}},"49":{"start":{"line":133,"column":22},"end":{"line":136,"column":7}},"50":{"start":{"line":139,"column":6},"end":{"line":143,"column":7}},"51":{"start":{"line":140,"column":9},"end":{"line":142,"column":70}},"52":{"start":{"line":146,"column":6},"end":{"line":192,"column":7}},"53":{"start":{"line":147,"column":9},"end":{"line":166,"column":10}},"54":{"start":{"line":147,"column":22},"end":{"line":147,"column":23}},"55":{"start":{"line":148,"column":39},"end":{"line":152,"column":13}},"56":{"start":{"line":155,"column":27},"end":{"line":158,"column":13}},"57":{"start":{"line":160,"column":12},"end":{"line":165,"column":13}},"58":{"start":{"line":161,"column":15},"end":{"line":164,"column":18}},"59":{"start":{"line":169,"column":25},"end":{"line":172,"column":10}},"60":{"start":{"line":173,"column":31},"end":{"line":176,"column":10}},"61":{"start":{"line":178,"column":35},"end":{"line":181,"column":10}},"62":{"start":{"line":183,"column":9},"end":{"line":186,"column":12}},"63":{"start":{"line":188,"column":9},"end":{"line":191,"column":12}},"64":{"start":{"line":194,"column":6},"end":{"line":194,"column":53}},"65":{"start":{"line":195,"column":6},"end":{"line":195,"column":18}},"66":{"start":{"line":197,"column":6},"end":{"line":199,"column":7}},"67":{"start":{"line":198,"column":9},"end":{"line":198,"column":44}},"68":{"start":{"line":203,"column":0},"end":{"line":270,"column":2}},"69":{"start":{"line":205,"column":3},"end":{"line":269,"column":4}},"70":{"start":{"line":206,"column":6},"end":{"line":206,"column":47}},"71":{"start":{"line":208,"column":33},"end":{"line":208,"column":57}},"72":{"start":{"line":209,"column":25},"end":{"line":209,"column":41}},"73":{"start":{"line":211,"column":26},"end":{"line":211,"column":35}},"74":{"start":{"line":214,"column":6},"end":{"line":219,"column":7}},"75":{"start":{"line":215,"column":9},"end":{"line":218,"column":12}},"76":{"start":{"line":221,"column":31},"end":{"line":223,"column":7}},"77":{"start":{"line":226,"column":23},"end":{"line":229,"column":7}},"78":{"start":{"line":232,"column":6},"end":{"line":257,"column":7}},"79":{"start":{"line":233,"column":35},"end":{"line":235,"column":10}},"80":{"start":{"line":238,"column":34},"end":{"line":241,"column":10}},"81":{"start":{"line":244,"column":30},"end":{"line":247,"column":10}},"82":{"start":{"line":250,"column":9},"end":{"line":256,"column":10}},"83":{"start":{"line":251,"column":34},"end":{"line":254,"column":13}},"84":{"start":{"line":255,"column":12},"end":{"line":255,"column":62}},"85":{"start":{"line":258,"column":6},"end":{"line":261,"column":9}},"86":{"start":{"line":263,"column":6},"end":{"line":263,"column":60}},"87":{"start":{"line":264,"column":6},"end":{"line":264,"column":52}},"88":{"start":{"line":266,"column":6},"end":{"line":268,"column":7}},"89":{"start":{"line":267,"column":9},"end":{"line":267,"column":44}},"90":{"start":{"line":272,"column":0},"end":{"line":350,"column":2}},"91":{"start":{"line":274,"column":3},"end":{"line":349,"column":4}},"92":{"start":{"line":275,"column":6},"end":{"line":278,"column":9}},"93":{"start":{"line":279,"column":6},"end":{"line":279,"column":47}},"94":{"start":{"line":282,"column":33},"end":{"line":282,"column":57}},"95":{"start":{"line":283,"column":25},"end":{"line":283,"column":41}},"96":{"start":{"line":285,"column":40},"end":{"line":285,"column":49}},"97":{"start":{"line":287,"column":25},"end":{"line":289,"column":7}},"98":{"start":{"line":292,"column":6},"end":{"line":297,"column":7}},"99":{"start":{"line":293,"column":9},"end":{"line":296,"column":12}},"100":{"start":{"line":300,"column":21},"end":{"line":303,"column":7}},"101":{"start":{"line":306,"column":6},"end":{"line":311,"column":7}},"102":{"start":{"line":307,"column":9},"end":{"line":310,"column":12}},"103":{"start":{"line":313,"column":31},"end":{"line":315,"column":7}},"104":{"start":{"line":318,"column":22},"end":{"line":321,"column":7}},"105":{"start":{"line":324,"column":28},"end":{"line":327,"column":7}},"106":{"start":{"line":329,"column":31},"end":{"line":332,"column":7}},"107":{"start":{"line":333,"column":6},"end":{"line":333,"column":67}},"108":{"start":{"line":336,"column":6},"end":{"line":336,"column":56}},"109":{"start":{"line":338,"column":6},"end":{"line":341,"column":9}},"110":{"start":{"line":343,"column":6},"end":{"line":343,"column":60}},"111":{"start":{"line":344,"column":6},"end":{"line":344,"column":52}},"112":{"start":{"line":346,"column":6},"end":{"line":348,"column":7}},"113":{"start":{"line":347,"column":9},"end":{"line":347,"column":44}},"114":{"start":{"line":352,"column":0},"end":{"line":455,"column":2}},"115":{"start":{"line":354,"column":3},"end":{"line":454,"column":4}},"116":{"start":{"line":355,"column":6},"end":{"line":355,"column":47}},"117":{"start":{"line":356,"column":6},"end":{"line":356,"column":55}},"118":{"start":{"line":357,"column":25},"end":{"line":357,"column":35}},"119":{"start":{"line":361,"column":29},"end":{"line":361,"column":49}},"120":{"start":{"line":362,"column":24},"end":{"line":362,"column":39}},"121":{"start":{"line":363,"column":33},"end":{"line":363,"column":57}},"122":{"start":{"line":364,"column":26},"end":{"line":364,"column":43}},"123":{"start":{"line":365,"column":35},"end":{"line":365,"column":61}},"124":{"start":{"line":366,"column":17},"end":{"line":366,"column":18}},"125":{"start":{"line":367,"column":40},"end":{"line":369,"column":7}},"126":{"start":{"line":371,"column":30},"end":{"line":374,"column":7}},"127":{"start":{"line":376,"column":6},"end":{"line":376,"column":68}},"128":{"start":{"line":377,"column":20},"end":{"line":377,"column":47}},"129":{"start":{"line":379,"column":42},"end":{"line":381,"column":7}},"130":{"start":{"line":383,"column":25},"end":{"line":386,"column":7}},"131":{"start":{"line":388,"column":6},"end":{"line":393,"column":7}},"132":{"start":{"line":389,"column":9},"end":{"line":392,"column":12}},"133":{"start":{"line":395,"column":38},"end":{"line":395,"column":64}},"134":{"start":{"line":396,"column":27},"end":{"line":399,"column":7}},"135":{"start":{"line":401,"column":6},"end":{"line":401,"column":55}},"136":{"start":{"line":403,"column":28},"end":{"line":403,"column":43}},"137":{"start":{"line":404,"column":6},"end":{"line":430,"column":7}},"138":{"start":{"line":404,"column":19},"end":{"line":404,"column":20}},"139":{"start":{"line":405,"column":9},"end":{"line":405,"column":63}},"140":{"start":{"line":406,"column":26},"end":{"line":406,"column":52}},"141":{"start":{"line":407,"column":27},"end":{"line":407,"column":54}},"142":{"start":{"line":408,"column":26},"end":{"line":408,"column":60}},"143":{"start":{"line":409,"column":9},"end":{"line":409,"column":56}},"144":{"start":{"line":410,"column":34},"end":{"line":416,"column":10}},"145":{"start":{"line":417,"column":35},"end":{"line":420,"column":10}},"146":{"start":{"line":421,"column":9},"end":{"line":421,"column":66}},"147":{"start":{"line":423,"column":9},"end":{"line":428,"column":10}},"148":{"start":{"line":423,"column":22},"end":{"line":423,"column":23}},"149":{"start":{"line":424,"column":12},"end":{"line":427,"column":14}},"150":{"start":{"line":432,"column":6},"end":{"line":432,"column":34}},"151":{"start":{"line":434,"column":23},"end":{"line":439,"column":7}},"152":{"start":{"line":441,"column":21},"end":{"line":441,"column":66}},"153":{"start":{"line":443,"column":6},"end":{"line":443,"column":25}},"154":{"start":{"line":445,"column":6},"end":{"line":448,"column":9}},"155":{"start":{"line":450,"column":6},"end":{"line":450,"column":60}},"156":{"start":{"line":451,"column":6},"end":{"line":451,"column":52}},"157":{"start":{"line":453,"column":6},"end":{"line":453,"column":32}},"158":{"start":{"line":458,"column":0},"end":{"line":516,"column":2}},"159":{"start":{"line":460,"column":3},"end":{"line":515,"column":4}},"160":{"start":{"line":461,"column":6},"end":{"line":461,"column":47}},"161":{"start":{"line":462,"column":33},"end":{"line":462,"column":57}},"162":{"start":{"line":463,"column":34},"end":{"line":463,"column":59}},"163":{"start":{"line":465,"column":28},"end":{"line":465,"column":38}},"164":{"start":{"line":466,"column":29},"end":{"line":466,"column":37}},"165":{"start":{"line":468,"column":6},"end":{"line":508,"column":7}},"166":{"start":{"line":469,"column":35},"end":{"line":469,"column":61}},"167":{"start":{"line":471,"column":46},"end":{"line":474,"column":10}},"168":{"start":{"line":476,"column":32},"end":{"line":479,"column":10}},"169":{"start":{"line":481,"column":9},"end":{"line":487,"column":10}},"170":{"start":{"line":482,"column":12},"end":{"line":485,"column":15}},"171":{"start":{"line":486,"column":12},"end":{"line":486,"column":19}},"172":{"start":{"line":489,"column":9},"end":{"line":500,"column":10}},"173":{"start":{"line":490,"column":12},"end":{"line":499,"column":13}},"174":{"start":{"line":490,"column":25},"end":{"line":490,"column":26}},"175":{"start":{"line":491,"column":39},"end":{"line":495,"column":16}},"176":{"start":{"line":497,"column":15},"end":{"line":497,"column":70}},"177":{"start":{"line":498,"column":15},"end":{"line":498,"column":82}},"178":{"start":{"line":502,"column":9},"end":{"line":505,"column":12}},"179":{"start":{"line":511,"column":6},"end":{"line":511,"column":60}},"180":{"start":{"line":512,"column":6},"end":{"line":512,"column":52}},"181":{"start":{"line":514,"column":6},"end":{"line":514,"column":32}},"182":{"start":{"line":518,"column":0},"end":{"line":533,"column":2}},"183":{"start":{"line":519,"column":3},"end":{"line":532,"column":4}},"184":{"start":{"line":520,"column":24},"end":{"line":520,"column":52}},"185":{"start":{"line":521,"column":33},"end":{"line":521,"column":58}},"186":{"start":{"line":522,"column":21},"end":{"line":522,"column":71}},"187":{"start":{"line":523,"column":6},"end":{"line":526,"column":9}},"188":{"start":{"line":528,"column":6},"end":{"line":528,"column":55}},"189":{"start":{"line":529,"column":6},"end":{"line":529,"column":18}},"190":{"start":{"line":531,"column":6},"end":{"line":531,"column":32}}},"fnMap":{"0":{"name":"(anonymous_0)","decl":{"start":{"line":12,"column":25},"end":{"line":12,"column":26}},"loc":{"start":{"line":12,"column":45},"end":{"line":94,"column":1}},"line":12},"1":{"name":"(anonymous_1)","decl":{"start":{"line":96,"column":20},"end":{"line":96,"column":21}},"loc":{"start":{"line":96,"column":40},"end":{"line":201,"column":1}},"line":96},"2":{"name":"(anonymous_2)","decl":{"start":{"line":203,"column":20},"end":{"line":203,"column":21}},"loc":{"start":{"line":203,"column":40},"end":{"line":270,"column":1}},"line":203},"3":{"name":"(anonymous_3)","decl":{"start":{"line":272,"column":23},"end":{"line":272,"column":24}},"loc":{"start":{"line":272,"column":43},"end":{"line":350,"column":1}},"line":272},"4":{"name":"(anonymous_4)","decl":{"start":{"line":352,"column":23},"end":{"line":352,"column":24}},"loc":{"start":{"line":352,"column":43},"end":{"line":455,"column":1}},"line":352},"5":{"name":"(anonymous_5)","decl":{"start":{"line":458,"column":25},"end":{"line":458,"column":26}},"loc":{"start":{"line":458,"column":45},"end":{"line":516,"column":1}},"line":458},"6":{"name":"(anonymous_6)","decl":{"start":{"line":518,"column":28},"end":{"line":518,"column":29}},"loc":{"start":{"line":518,"column":48},"end":{"line":533,"column":1}},"line":518}},"branchMap":{"0":{"loc":{"start":{"line":22,"column":6},"end":{"line":27,"column":7}},"type":"if","locations":[{"start":{"line":22,"column":6},"end":{"line":27,"column":7}},{"start":{},"end":{}}],"line":22},"1":{"loc":{"start":{"line":37,"column":6},"end":{"line":42,"column":7}},"type":"if","locations":[{"start":{"line":37,"column":6},"end":{"line":42,"column":7}},{"start":{},"end":{}}],"line":37},"2":{"loc":{"start":{"line":59,"column":6},"end":{"line":64,"column":7}},"type":"if","locations":[{"start":{"line":59,"column":6},"end":{"line":64,"column":7}},{"start":{},"end":{}}],"line":59},"3":{"loc":{"start":{"line":112,"column":6},"end":{"line":117,"column":7}},"type":"if","locations":[{"start":{"line":112,"column":6},"end":{"line":117,"column":7}},{"start":{},"end":{}}],"line":112},"4":{"loc":{"start":{"line":118,"column":6},"end":{"line":123,"column":7}},"type":"if","locations":[{"start":{"line":118,"column":6},"end":{"line":123,"column":7}},{"start":{},"end":{}}],"line":118},"5":{"loc":{"start":{"line":124,"column":6},"end":{"line":126,"column":7}},"type":"if","locations":[{"start":{"line":124,"column":6},"end":{"line":126,"column":7}},{"start":{},"end":{}}],"line":124},"6":{"loc":{"start":{"line":124,"column":10},"end":{"line":124,"column":39}},"type":"binary-expr","locations":[{"start":{"line":124,"column":10},"end":{"line":124,"column":23}},{"start":{"line":124,"column":27},"end":{"line":124,"column":39}}],"line":124},"7":{"loc":{"start":{"line":139,"column":6},"end":{"line":143,"column":7}},"type":"if","locations":[{"start":{"line":139,"column":6},"end":{"line":143,"column":7}},{"start":{},"end":{}}],"line":139},"8":{"loc":{"start":{"line":146,"column":6},"end":{"line":192,"column":7}},"type":"if","locations":[{"start":{"line":146,"column":6},"end":{"line":192,"column":7}},{"start":{"line":187,"column":13},"end":{"line":192,"column":7}}],"line":146},"9":{"loc":{"start":{"line":160,"column":12},"end":{"line":165,"column":13}},"type":"if","locations":[{"start":{"line":160,"column":12},"end":{"line":165,"column":13}},{"start":{},"end":{}}],"line":160},"10":{"loc":{"start":{"line":197,"column":6},"end":{"line":199,"column":7}},"type":"if","locations":[{"start":{"line":197,"column":6},"end":{"line":199,"column":7}},{"start":{},"end":{}}],"line":197},"11":{"loc":{"start":{"line":214,"column":6},"end":{"line":219,"column":7}},"type":"if","locations":[{"start":{"line":214,"column":6},"end":{"line":219,"column":7}},{"start":{},"end":{}}],"line":214},"12":{"loc":{"start":{"line":250,"column":9},"end":{"line":256,"column":10}},"type":"if","locations":[{"start":{"line":250,"column":9},"end":{"line":256,"column":10}},{"start":{},"end":{}}],"line":250},"13":{"loc":{"start":{"line":266,"column":6},"end":{"line":268,"column":7}},"type":"if","locations":[{"start":{"line":266,"column":6},"end":{"line":268,"column":7}},{"start":{},"end":{}}],"line":266},"14":{"loc":{"start":{"line":292,"column":6},"end":{"line":297,"column":7}},"type":"if","locations":[{"start":{"line":292,"column":6},"end":{"line":297,"column":7}},{"start":{},"end":{}}],"line":292},"15":{"loc":{"start":{"line":292,"column":10},"end":{"line":292,"column":35}},"type":"binary-expr","locations":[{"start":{"line":292,"column":10},"end":{"line":292,"column":20}},{"start":{"line":292,"column":24},"end":{"line":292,"column":35}}],"line":292},"16":{"loc":{"start":{"line":306,"column":6},"end":{"line":311,"column":7}},"type":"if","locations":[{"start":{"line":306,"column":6},"end":{"line":311,"column":7}},{"start":{},"end":{}}],"line":306},"17":{"loc":{"start":{"line":346,"column":6},"end":{"line":348,"column":7}},"type":"if","locations":[{"start":{"line":346,"column":6},"end":{"line":348,"column":7}},{"start":{},"end":{}}],"line":346},"18":{"loc":{"start":{"line":388,"column":6},"end":{"line":393,"column":7}},"type":"if","locations":[{"start":{"line":388,"column":6},"end":{"line":393,"column":7}},{"start":{},"end":{}}],"line":388},"19":{"loc":{"start":{"line":468,"column":6},"end":{"line":508,"column":7}},"type":"if","locations":[{"start":{"line":468,"column":6},"end":{"line":508,"column":7}},{"start":{},"end":{}}],"line":468},"20":{"loc":{"start":{"line":468,"column":10},"end":{"line":468,"column":33}},"type":"binary-expr","locations":[{"start":{"line":468,"column":10},"end":{"line":468,"column":19}},{"start":{"line":468,"column":23},"end":{"line":468,"column":33}}],"line":468},"21":{"loc":{"start":{"line":481,"column":9},"end":{"line":487,"column":10}},"type":"if","locations":[{"start":{"line":481,"column":9},"end":{"line":487,"column":10}},{"start":{},"end":{}}],"line":481},"22":{"loc":{"start":{"line":489,"column":9},"end":{"line":500,"column":10}},"type":"if","locations":[{"start":{"line":489,"column":9},"end":{"line":500,"column":10}},{"start":{},"end":{}}],"line":489}},"s":{"0":1,"1":1,"2":1,"3":1,"4":1,"5":1,"6":1,"7":1,"8":1,"9":1,"10":0,"11":0,"12":0,"13":0,"14":0,"15":0,"16":0,"17":0,"18":0,"19":0,"20":0,"21":0,"22":0,"23":0,"24":0,"25":0,"26":0,"27":0,"28":0,"29":0,"30":0,"31":0,"32":0,"33":0,"34":0,"35":1,"36":0,"37":0,"38":0,"39":0,"40":0,"41":0,"42":0,"43":0,"44":0,"45":0,"46":0,"47":0,"48":0,"49":0,"50":0,"51":0,"52":0,"53":0,"54":0,"55":0,"56":0,"57":0,"58":0,"59":0,"60":0,"61":0,"62":0,"63":0,"64":0,"65":0,"66":0,"67":0,"68":1,"69":0,"70":0,"71":0,"72":0,"73":0,"74":0,"75":0,"76":0,"77":0,"78":0,"79":0,"80":0,"81":0,"82":0,"83":0,"84":0,"85":0,"86":0,"87":0,"88":0,"89":0,"90":1,"91":0,"92":0,"93":0,"94":0,"95":0,"96":0,"97":0,"98":0,"99":0,"100":0,"101":0,"102":0,"103":0,"104":0,"105":0,"106":0,"107":0,"108":0,"109":0,"110":0,"111":0,"112":0,"113":0,"114":1,"115":0,"116":0,"117":0,"118":0,"119":0,"120":0,"121":0,"122":0,"123":0,"124":0,"125":0,"126":0,"127":0,"128":0,"129":0,"130":0,"131":0,"132":0,"133":0,"134":0,"135":0,"136":0,"137":0,"138":0,"139":0,"140":0,"141":0,"142":0,"143":0,"144":0,"145":0,"146":0,"147":0,"148":0,"149":0,"150":0,"151":0,"152":0,"153":0,"154":0,"155":0,"156":0,"157":0,"158":1,"159":0,"160":0,"161":0,"162":0,"163":0,"164":0,"165":0,"166":0,"167":0,"168":0,"169":0,"170":0,"171":0,"172":0,"173":0,"174":0,"175":0,"176":0,"177":0,"178":0,"179":0,"180":0,"181":0,"182":1,"183":0,"184":0,"185":0,"186":0,"187":0,"188":0,"189":0,"190":0},"f":{"0":0,"1":0,"2":0,"3":0,"4":0,"5":0,"6":0},"b":{"0":[0,0],"1":[0,0],"2":[0,0],"3":[0,0],"4":[0,0],"5":[0,0],"6":[0,0],"7":[0,0],"8":[0,0],"9":[0,0],"10":[0,0],"11":[0,0],"12":[0,0],"13":[0,0],"14":[0,0],"15":[0,0],"16":[0,0],"17":[0,0],"18":[0,0],"19":[0,0],"20":[0,0],"21":[0,0],"22":[0,0]},"_coverageSchema":"1a1c01bbd47fc00a2c39e90264f33305004495a9","hash":"14f927fcf45b6f52d9798c7e957e97c55354d32d"}
,"E:\\LeoLChalot\\github\\distant\\BTSSIO-maison-des-ligues\\server\\controller\\userController.js": {"path":"E:\\LeoLChalot\\github\\distant\\BTSSIO-maison-des-ligues\\server\\controller\\userController.js","statementMap":{"0":{"start":{"line":1,"column":21},"end":{"line":1,"column":54}},"1":{"start":{"line":2,"column":23},"end":{"line":2,"column":58}},"2":{"start":{"line":3,"column":18},"end":{"line":3,"column":48}},"3":{"start":{"line":5,"column":15},"end":{"line":5,"column":34}},"4":{"start":{"line":6,"column":23},"end":{"line":6,"column":38}},"5":{"start":{"line":7,"column":12},"end":{"line":7,"column":35}},"6":{"start":{"line":16,"column":0},"end":{"line":84,"column":2}},"7":{"start":{"line":18,"column":3},"end":{"line":83,"column":4}},"8":{"start":{"line":19,"column":6},"end":{"line":19,"column":47}},"9":{"start":{"line":20,"column":26},"end":{"line":20,"column":46}},"10":{"start":{"line":22,"column":59},"end":{"line":22,"column":67}},"11":{"start":{"line":23,"column":27},"end":{"line":23,"column":43}},"12":{"start":{"line":24,"column":29},"end":{"line":24,"column":47}},"13":{"start":{"line":25,"column":27},"end":{"line":25,"column":37}},"14":{"start":{"line":28,"column":6},"end":{"line":75,"column":7}},"15":{"start":{"line":29,"column":22},"end":{"line":38,"column":10}},"16":{"start":{"line":41,"column":27},"end":{"line":41,"column":74}},"17":{"start":{"line":44,"column":29},"end":{"line":44,"column":78}},"18":{"start":{"line":47,"column":9},"end":{"line":53,"column":10}},"19":{"start":{"line":48,"column":12},"end":{"line":51,"column":15}},"20":{"start":{"line":52,"column":12},"end":{"line":52,"column":19}},"21":{"start":{"line":56,"column":9},"end":{"line":62,"column":10}},"22":{"start":{"line":57,"column":12},"end":{"line":60,"column":15}},"23":{"start":{"line":61,"column":12},"end":{"line":61,"column":19}},"24":{"start":{"line":65,"column":9},"end":{"line":65,"column":51}},"25":{"start":{"line":67,"column":9},"end":{"line":67,"column":79}},"26":{"start":{"line":70,"column":9},"end":{"line":73,"column":12}},"27":{"start":{"line":74,"column":9},"end":{"line":74,"column":15}},"28":{"start":{"line":77,"column":6},"end":{"line":77,"column":53}},"29":{"start":{"line":78,"column":6},"end":{"line":78,"column":18}},"30":{"start":{"line":80,"column":6},"end":{"line":82,"column":7}},"31":{"start":{"line":81,"column":9},"end":{"line":81,"column":44}},"32":{"start":{"line":93,"column":0},"end":{"line":197,"column":2}},"33":{"start":{"line":95,"column":3},"end":{"line":196,"column":4}},"34":{"start":{"line":96,"column":6},"end":{"line":96,"column":47}},"35":{"start":{"line":97,"column":29},"end":{"line":97,"column":49}},"36":{"start":{"line":98,"column":24},"end":{"line":98,"column":39}},"37":{"start":{"line":99,"column":26},"end":{"line":99,"column":36}},"38":{"start":{"line":101,"column":38},"end":{"line":101,"column":46}},"39":{"start":{"line":104,"column":6},"end":{"line":110,"column":7}},"40":{"start":{"line":105,"column":9},"end":{"line":108,"column":12}},"41":{"start":{"line":109,"column":9},"end":{"line":109,"column":16}},"42":{"start":{"line":112,"column":27},"end":{"line":112,"column":43}},"43":{"start":{"line":113,"column":29},"end":{"line":113,"column":46}},"44":{"start":{"line":116,"column":24},"end":{"line":116,"column":74}},"45":{"start":{"line":117,"column":6},"end":{"line":119,"column":7}},"46":{"start":{"line":118,"column":9},"end":{"line":118,"column":76}},"47":{"start":{"line":122,"column":6},"end":{"line":128,"column":7}},"48":{"start":{"line":123,"column":9},"end":{"line":126,"column":12}},"49":{"start":{"line":127,"column":9},"end":{"line":127,"column":16}},"50":{"start":{"line":130,"column":6},"end":{"line":136,"column":8}},"51":{"start":{"line":139,"column":6},"end":{"line":145,"column":7}},"52":{"start":{"line":140,"column":9},"end":{"line":143,"column":12}},"53":{"start":{"line":144,"column":9},"end":{"line":144,"column":16}},"54":{"start":{"line":148,"column":36},"end":{"line":148,"column":85}},"55":{"start":{"line":149,"column":19},"end":{"line":149,"column":73}},"56":{"start":{"line":152,"column":6},"end":{"line":160,"column":7}},"57":{"start":{"line":153,"column":27},"end":{"line":157,"column":10}},"58":{"start":{"line":158,"column":9},"end":{"line":158,"column":54}},"59":{"start":{"line":159,"column":9},"end":{"line":159,"column":73}},"60":{"start":{"line":163,"column":24},"end":{"line":174,"column":7}},"61":{"start":{"line":176,"column":6},"end":{"line":176,"column":43}},"62":{"start":{"line":178,"column":6},"end":{"line":187,"column":9}},"63":{"start":{"line":188,"column":6},"end":{"line":188,"column":13}},"64":{"start":{"line":190,"column":6},"end":{"line":190,"column":53}},"65":{"start":{"line":191,"column":6},"end":{"line":191,"column":18}},"66":{"start":{"line":193,"column":6},"end":{"line":195,"column":7}},"67":{"start":{"line":194,"column":9},"end":{"line":194,"column":44}},"68":{"start":{"line":199,"column":0},"end":{"line":215,"column":2}},"69":{"start":{"line":201,"column":3},"end":{"line":214,"column":4}},"70":{"start":{"line":202,"column":6},"end":{"line":202,"column":47}},"71":{"start":{"line":203,"column":29},"end":{"line":203,"column":49}},"72":{"start":{"line":205,"column":19},"end":{"line":205,"column":59}},"73":{"start":{"line":206,"column":6},"end":{"line":206,"column":38}},"74":{"start":{"line":208,"column":6},"end":{"line":208,"column":53}},"75":{"start":{"line":209,"column":6},"end":{"line":209,"column":18}},"76":{"start":{"line":211,"column":6},"end":{"line":213,"column":7}},"77":{"start":{"line":212,"column":9},"end":{"line":212,"column":44}},"78":{"start":{"line":218,"column":0},"end":{"line":246,"column":2}},"79":{"start":{"line":220,"column":3},"end":{"line":245,"column":4}},"80":{"start":{"line":221,"column":6},"end":{"line":221,"column":47}},"81":{"start":{"line":222,"column":29},"end":{"line":222,"column":49}},"82":{"start":{"line":224,"column":25},"end":{"line":224,"column":35}},"83":{"start":{"line":225,"column":27},"end":{"line":225,"column":45}},"84":{"start":{"line":227,"column":19},"end":{"line":227,"column":69}},"85":{"start":{"line":229,"column":6},"end":{"line":235,"column":7}},"86":{"start":{"line":230,"column":9},"end":{"line":233,"column":12}},"87":{"start":{"line":234,"column":9},"end":{"line":234,"column":16}},"88":{"start":{"line":237,"column":6},"end":{"line":237,"column":41}},"89":{"start":{"line":239,"column":6},"end":{"line":239,"column":53}},"90":{"start":{"line":240,"column":6},"end":{"line":240,"column":18}},"91":{"start":{"line":242,"column":6},"end":{"line":244,"column":7}},"92":{"start":{"line":243,"column":9},"end":{"line":243,"column":44}}},"fnMap":{"0":{"name":"(anonymous_0)","decl":{"start":{"line":16,"column":19},"end":{"line":16,"column":20}},"loc":{"start":{"line":16,"column":39},"end":{"line":84,"column":1}},"line":16},"1":{"name":"(anonymous_1)","decl":{"start":{"line":93,"column":16},"end":{"line":93,"column":17}},"loc":{"start":{"line":93,"column":36},"end":{"line":197,"column":1}},"line":93},"2":{"name":"(anonymous_2)","decl":{"start":{"line":199,"column":22},"end":{"line":199,"column":23}},"loc":{"start":{"line":199,"column":42},"end":{"line":215,"column":1}},"line":199},"3":{"name":"(anonymous_3)","decl":{"start":{"line":218,"column":27},"end":{"line":218,"column":28}},"loc":{"start":{"line":218,"column":47},"end":{"line":246,"column":1}},"line":218}},"branchMap":{"0":{"loc":{"start":{"line":28,"column":6},"end":{"line":75,"column":7}},"type":"if","locations":[{"start":{"line":28,"column":6},"end":{"line":75,"column":7}},{"start":{"line":68,"column":13},"end":{"line":75,"column":7}}],"line":28},"1":{"loc":{"start":{"line":28,"column":10},"end":{"line":28,"column":58}},"type":"binary-expr","locations":[{"start":{"line":28,"column":10},"end":{"line":28,"column":16}},{"start":{"line":28,"column":20},"end":{"line":28,"column":23}},{"start":{"line":28,"column":27},"end":{"line":28,"column":33}},{"start":{"line":28,"column":37},"end":{"line":28,"column":42}},{"start":{"line":28,"column":46},"end":{"line":28,"column":58}}],"line":28},"2":{"loc":{"start":{"line":47,"column":9},"end":{"line":53,"column":10}},"type":"if","locations":[{"start":{"line":47,"column":9},"end":{"line":53,"column":10}},{"start":{},"end":{}}],"line":47},"3":{"loc":{"start":{"line":56,"column":9},"end":{"line":62,"column":10}},"type":"if","locations":[{"start":{"line":56,"column":9},"end":{"line":62,"column":10}},{"start":{},"end":{}}],"line":56},"4":{"loc":{"start":{"line":80,"column":6},"end":{"line":82,"column":7}},"type":"if","locations":[{"start":{"line":80,"column":6},"end":{"line":82,"column":7}},{"start":{},"end":{}}],"line":80},"5":{"loc":{"start":{"line":104,"column":6},"end":{"line":110,"column":7}},"type":"if","locations":[{"start":{"line":104,"column":6},"end":{"line":110,"column":7}},{"start":{},"end":{}}],"line":104},"6":{"loc":{"start":{"line":104,"column":10},"end":{"line":104,"column":33}},"type":"binary-expr","locations":[{"start":{"line":104,"column":10},"end":{"line":104,"column":16}},{"start":{"line":104,"column":20},"end":{"line":104,"column":33}}],"line":104},"7":{"loc":{"start":{"line":117,"column":6},"end":{"line":119,"column":7}},"type":"if","locations":[{"start":{"line":117,"column":6},"end":{"line":119,"column":7}},{"start":{},"end":{}}],"line":117},"8":{"loc":{"start":{"line":122,"column":6},"end":{"line":128,"column":7}},"type":"if","locations":[{"start":{"line":122,"column":6},"end":{"line":128,"column":7}},{"start":{},"end":{}}],"line":122},"9":{"loc":{"start":{"line":139,"column":6},"end":{"line":145,"column":7}},"type":"if","locations":[{"start":{"line":139,"column":6},"end":{"line":145,"column":7}},{"start":{},"end":{}}],"line":139},"10":{"loc":{"start":{"line":152,"column":6},"end":{"line":160,"column":7}},"type":"if","locations":[{"start":{"line":152,"column":6},"end":{"line":160,"column":7}},{"start":{},"end":{}}],"line":152},"11":{"loc":{"start":{"line":193,"column":6},"end":{"line":195,"column":7}},"type":"if","locations":[{"start":{"line":193,"column":6},"end":{"line":195,"column":7}},{"start":{},"end":{}}],"line":193},"12":{"loc":{"start":{"line":211,"column":6},"end":{"line":213,"column":7}},"type":"if","locations":[{"start":{"line":211,"column":6},"end":{"line":213,"column":7}},{"start":{},"end":{}}],"line":211},"13":{"loc":{"start":{"line":229,"column":6},"end":{"line":235,"column":7}},"type":"if","locations":[{"start":{"line":229,"column":6},"end":{"line":235,"column":7}},{"start":{},"end":{}}],"line":229},"14":{"loc":{"start":{"line":242,"column":6},"end":{"line":244,"column":7}},"type":"if","locations":[{"start":{"line":242,"column":6},"end":{"line":244,"column":7}},{"start":{},"end":{}}],"line":242}},"s":{"0":1,"1":1,"2":1,"3":1,"4":1,"5":1,"6":1,"7":0,"8":0,"9":0,"10":0,"11":0,"12":0,"13":0,"14":0,"15":0,"16":0,"17":0,"18":0,"19":0,"20":0,"21":0,"22":0,"23":0,"24":0,"25":0,"26":0,"27":0,"28":0,"29":0,"30":0,"31":0,"32":1,"33":0,"34":0,"35":0,"36":0,"37":0,"38":0,"39":0,"40":0,"41":0,"42":0,"43":0,"44":0,"45":0,"46":0,"47":0,"48":0,"49":0,"50":0,"51":0,"52":0,"53":0,"54":0,"55":0,"56":0,"57":0,"58":0,"59":0,"60":0,"61":0,"62":0,"63":0,"64":0,"65":0,"66":0,"67":0,"68":1,"69":0,"70":0,"71":0,"72":0,"73":0,"74":0,"75":0,"76":0,"77":0,"78":1,"79":0,"80":0,"81":0,"82":0,"83":0,"84":0,"85":0,"86":0,"87":0,"88":0,"89":0,"90":0,"91":0,"92":0},"f":{"0":0,"1":0,"2":0,"3":0},"b":{"0":[0,0],"1":[0,0,0,0,0],"2":[0,0],"3":[0,0],"4":[0,0],"5":[0,0],"6":[0,0],"7":[0,0],"8":[0,0],"9":[0,0],"10":[0,0],"11":[0,0],"12":[0,0],"13":[0,0],"14":[0,0]},"_coverageSchema":"1a1c01bbd47fc00a2c39e90264f33305004495a9","hash":"c85510a13f6b0f63febfdca68d2855ffb7cffd0e"}
,"E:\\LeoLChalot\\github\\distant\\BTSSIO-maison-des-ligues\\server\\middleware\\auth-jwt.js": {"path":"E:\\LeoLChalot\\github\\distant\\BTSSIO-maison-des-ligues\\server\\middleware\\auth-jwt.js","statementMap":{"0":{"start":{"line":1,"column":12},"end":{"line":1,"column":35}},"1":{"start":{"line":2,"column":0},"end":{"line":2,"column":27}},"2":{"start":{"line":3,"column":21},"end":{"line":3,"column":45}},"3":{"start":{"line":6,"column":0},"end":{"line":22,"column":2}},"4":{"start":{"line":7,"column":2},"end":{"line":21,"column":5}},"5":{"start":{"line":8,"column":18},"end":{"line":8,"column":39}},"6":{"start":{"line":9,"column":4},"end":{"line":9,"column":46}},"7":{"start":{"line":11,"column":4},"end":{"line":20,"column":5}},"8":{"start":{"line":12,"column":19},"end":{"line":12,"column":60}},"9":{"start":{"line":13,"column":6},"end":{"line":13,"column":52}},"10":{"start":{"line":15,"column":6},"end":{"line":15,"column":22}},"11":{"start":{"line":16,"column":6},"end":{"line":16,"column":13}},"12":{"start":{"line":18,"column":6},"end":{"line":18,"column":51}},"13":{"start":{"line":19,"column":6},"end":{"line":19,"column":56}},"14":{"start":{"line":48,"column":0},"end":{"line":48,"column":31}}},"fnMap":{"0":{"name":"(anonymous_0)","decl":{"start":{"line":6,"column":16},"end":{"line":6,"column":17}},"loc":{"start":{"line":6,"column":36},"end":{"line":22,"column":1}},"line":6},"1":{"name":"(anonymous_1)","decl":{"start":{"line":7,"column":27},"end":{"line":7,"column":28}},"loc":{"start":{"line":7,"column":33},"end":{"line":21,"column":3}},"line":7}},"branchMap":{},"s":{"0":1,"1":1,"2":1,"3":1,"4":0,"5":0,"6":0,"7":0,"8":0,"9":0,"10":0,"11":0,"12":0,"13":0,"14":1},"f":{"0":0,"1":0},"b":{},"_coverageSchema":"1a1c01bbd47fc00a2c39e90264f33305004495a9","hash":"c0a49b6f54a26de66d2d01edba7a86bf565e5caa"}
,"E:\\LeoLChalot\\github\\distant\\BTSSIO-maison-des-ligues\\server\\middleware\\jwt-authentication.js": {"path":"E:\\LeoLChalot\\github\\distant\\BTSSIO-maison-des-ligues\\server\\middleware\\jwt-authentication.js","statementMap":{"0":{"start":{"line":1,"column":12},"end":{"line":1,"column":35}},"1":{"start":{"line":2,"column":21},"end":{"line":2,"column":45}},"2":{"start":{"line":14,"column":0},"end":{"line":32,"column":1}},"3":{"start":{"line":15,"column":24},"end":{"line":15,"column":35}},"4":{"start":{"line":16,"column":2},"end":{"line":16,"column":36}},"5":{"start":{"line":18,"column":2},"end":{"line":31,"column":3}},"6":{"start":{"line":19,"column":4},"end":{"line":19,"column":37}},"7":{"start":{"line":20,"column":4},"end":{"line":28,"column":6}},"8":{"start":{"line":21,"column":6},"end":{"line":27,"column":7}},"9":{"start":{"line":22,"column":8},"end":{"line":22,"column":58}},"10":{"start":{"line":24,"column":8},"end":{"line":24,"column":27}},"11":{"start":{"line":25,"column":8},"end":{"line":25,"column":40}},"12":{"start":{"line":26,"column":8},"end":{"line":26,"column":15}},"13":{"start":{"line":30,"column":4},"end":{"line":30,"column":54}}},"fnMap":{"0":{"name":"(anonymous_0)","decl":{"start":{"line":14,"column":15},"end":{"line":14,"column":16}},"loc":{"start":{"line":14,"column":35},"end":{"line":32,"column":1}},"line":14},"1":{"name":"(anonymous_1)","decl":{"start":{"line":20,"column":50},"end":{"line":20,"column":51}},"loc":{"start":{"line":20,"column":68},"end":{"line":28,"column":5}},"line":20}},"branchMap":{"0":{"loc":{"start":{"line":21,"column":6},"end":{"line":27,"column":7}},"type":"if","locations":[{"start":{"line":21,"column":6},"end":{"line":27,"column":7}},{"start":{"line":23,"column":13},"end":{"line":27,"column":7}}],"line":21}},"s":{"0":1,"1":1,"2":1,"3":0,"4":0,"5":0,"6":0,"7":0,"8":0,"9":0,"10":0,"11":0,"12":0,"13":0},"f":{"0":0,"1":0},"b":{"0":[0,0]},"_coverageSchema":"1a1c01bbd47fc00a2c39e90264f33305004495a9","hash":"81cc0ec1ad62b0568c74e55a5a232f886e19607e"}
,"E:\\LeoLChalot\\github\\distant\\BTSSIO-maison-des-ligues\\server\\models\\ArticleDAO.js": {"path":"E:\\LeoLChalot\\github\\distant\\BTSSIO-maison-des-ligues\\server\\models\\ArticleDAO.js","statementMap":{"0":{"start":{"line":1,"column":17},"end":{"line":1,"column":38}},"1":{"start":{"line":4,"column":6},"end":{"line":4,"column":14}},"2":{"start":{"line":5,"column":6},"end":{"line":5,"column":30}},"3":{"start":{"line":9,"column":0},"end":{"line":9,"column":28}}},"fnMap":{"0":{"name":"(anonymous_0)","decl":{"start":{"line":3,"column":3},"end":{"line":3,"column":4}},"loc":{"start":{"line":3,"column":17},"end":{"line":6,"column":4}},"line":3}},"branchMap":{},"s":{"0":1,"1":1,"2":1,"3":1},"f":{"0":1},"b":{},"_coverageSchema":"1a1c01bbd47fc00a2c39e90264f33305004495a9","hash":"320b580a18fdfc245527c37e9946d8bbdb6b45e6"}
,"E:\\LeoLChalot\\github\\distant\\BTSSIO-maison-des-ligues\\server\\models\\Articles_StandbyDAO.js": {"path":"E:\\LeoLChalot\\github\\distant\\BTSSIO-maison-des-ligues\\server\\models\\Articles_StandbyDAO.js","statementMap":{"0":{"start":{"line":1,"column":17},"end":{"line":1,"column":38}},"1":{"start":{"line":4,"column":8},"end":{"line":4,"column":16}},"2":{"start":{"line":5,"column":8},"end":{"line":5,"column":40}},"3":{"start":{"line":16,"column":8},"end":{"line":30,"column":9}},"4":{"start":{"line":17,"column":26},"end":{"line":22,"column":27}},"5":{"start":{"line":23,"column":12},"end":{"line":23,"column":62}},"6":{"start":{"line":24,"column":25},"end":{"line":24,"column":67}},"7":{"start":{"line":25,"column":12},"end":{"line":25,"column":42}},"8":{"start":{"line":26,"column":12},"end":{"line":26,"column":27}},"9":{"start":{"line":28,"column":12},"end":{"line":28,"column":61}},"10":{"start":{"line":29,"column":12},"end":{"line":29,"column":24}},"11":{"start":{"line":34,"column":0},"end":{"line":34,"column":37}}},"fnMap":{"0":{"name":"(anonymous_0)","decl":{"start":{"line":3,"column":4},"end":{"line":3,"column":5}},"loc":{"start":{"line":3,"column":18},"end":{"line":6,"column":5}},"line":3},"1":{"name":"(anonymous_1)","decl":{"start":{"line":15,"column":4},"end":{"line":15,"column":5}},"loc":{"start":{"line":15,"column":48},"end":{"line":31,"column":5}},"line":15}},"branchMap":{},"s":{"0":1,"1":0,"2":0,"3":0,"4":0,"5":0,"6":0,"7":0,"8":0,"9":0,"10":0,"11":1},"f":{"0":0,"1":0},"b":{},"_coverageSchema":"1a1c01bbd47fc00a2c39e90264f33305004495a9","hash":"324e159fb5c03a09af2649b8d501fa97864a2564"}
,"E:\\LeoLChalot\\github\\distant\\BTSSIO-maison-des-ligues\\server\\models\\CategorieDAO.js": {"path":"E:\\LeoLChalot\\github\\distant\\BTSSIO-maison-des-ligues\\server\\models\\CategorieDAO.js","statementMap":{"0":{"start":{"line":1,"column":17},"end":{"line":1,"column":38}},"1":{"start":{"line":4,"column":6},"end":{"line":4,"column":14}},"2":{"start":{"line":5,"column":6},"end":{"line":5,"column":32}},"3":{"start":{"line":9,"column":0},"end":{"line":9,"column":30}}},"fnMap":{"0":{"name":"(anonymous_0)","decl":{"start":{"line":3,"column":3},"end":{"line":3,"column":4}},"loc":{"start":{"line":3,"column":17},"end":{"line":6,"column":4}},"line":3}},"branchMap":{},"s":{"0":1,"1":1,"2":1,"3":1},"f":{"0":1},"b":{},"_coverageSchema":"1a1c01bbd47fc00a2c39e90264f33305004495a9","hash":"31a1f242721dfe43ae006cfdc6c89220213a66ad"}
,"E:\\LeoLChalot\\github\\distant\\BTSSIO-maison-des-ligues\\server\\models\\CommandeDAO.js": {"path":"E:\\LeoLChalot\\github\\distant\\BTSSIO-maison-des-ligues\\server\\models\\CommandeDAO.js","statementMap":{"0":{"start":{"line":1,"column":17},"end":{"line":1,"column":38}},"1":{"start":{"line":4,"column":6},"end":{"line":4,"column":14}},"2":{"start":{"line":5,"column":6},"end":{"line":5,"column":31}},"3":{"start":{"line":9,"column":0},"end":{"line":9,"column":30}}},"fnMap":{"0":{"name":"(anonymous_0)","decl":{"start":{"line":3,"column":3},"end":{"line":3,"column":4}},"loc":{"start":{"line":3,"column":17},"end":{"line":6,"column":4}},"line":3}},"branchMap":{},"s":{"0":1,"1":0,"2":0,"3":1},"f":{"0":0},"b":{},"_coverageSchema":"1a1c01bbd47fc00a2c39e90264f33305004495a9","hash":"379b324e3d9d3ba0a50388d9fe5701e3f18bd38f"}
,"E:\\LeoLChalot\\github\\distant\\BTSSIO-maison-des-ligues\\server\\models\\ConnexionDAO.js": {"path":"E:\\LeoLChalot\\github\\distant\\BTSSIO-maison-des-ligues\\server\\models\\ConnexionDAO.js","statementMap":{"0":{"start":{"line":1,"column":0},"end":{"line":1,"column":27}},"1":{"start":{"line":2,"column":14},"end":{"line":2,"column":39}},"2":{"start":{"line":17,"column":4},"end":{"line":25,"column":5}},"3":{"start":{"line":18,"column":6},"end":{"line":24,"column":9}},"4":{"start":{"line":27,"column":4},"end":{"line":27,"column":21}},"5":{"start":{"line":41,"column":17},"end":{"line":41,"column":34}},"6":{"start":{"line":42,"column":23},"end":{"line":42,"column":49}},"7":{"start":{"line":43,"column":4},"end":{"line":43,"column":22}},"8":{"start":{"line":57,"column":4},"end":{"line":59,"column":5}},"9":{"start":{"line":58,"column":6},"end":{"line":58,"column":27}},"10":{"start":{"line":63,"column":0},"end":{"line":63,"column":30}}},"fnMap":{"0":{"name":"(anonymous_0)","decl":{"start":{"line":16,"column":2},"end":{"line":16,"column":3}},"loc":{"start":{"line":16,"column":22},"end":{"line":28,"column":3}},"line":16},"1":{"name":"(anonymous_1)","decl":{"start":{"line":40,"column":2},"end":{"line":40,"column":3}},"loc":{"start":{"line":40,"column":25},"end":{"line":44,"column":3}},"line":40},"2":{"name":"(anonymous_2)","decl":{"start":{"line":56,"column":2},"end":{"line":56,"column":3}},"loc":{"start":{"line":56,"column":32},"end":{"line":60,"column":3}},"line":56}},"branchMap":{"0":{"loc":{"start":{"line":17,"column":4},"end":{"line":25,"column":5}},"type":"if","locations":[{"start":{"line":17,"column":4},"end":{"line":25,"column":5}},{"start":{},"end":{}}],"line":17},"1":{"loc":{"start":{"line":57,"column":4},"end":{"line":59,"column":5}},"type":"if","locations":[{"start":{"line":57,"column":4},"end":{"line":59,"column":5}},{"start":{},"end":{}}],"line":57}},"s":{"0":1,"1":1,"2":2,"3":1,"4":2,"5":2,"6":2,"7":2,"8":2,"9":2,"10":1},"f":{"0":2,"1":2,"2":2},"b":{"0":[1,1],"1":[2,0]},"_coverageSchema":"1a1c01bbd47fc00a2c39e90264f33305004495a9","hash":"3fd47df53ab433308501991b7ab99a826beb264d"}
,"E:\\LeoLChalot\\github\\distant\\BTSSIO-maison-des-ligues\\server\\models\\DAOModel.js": {"path":"E:\\LeoLChalot\\github\\distant\\BTSSIO-maison-des-ligues\\server\\models\\DAOModel.js","statementMap":{"0":{"start":{"line":27,"column":6},"end":{"line":38,"column":7}},"1":{"start":{"line":28,"column":23},"end":{"line":31,"column":9}},"2":{"start":{"line":32,"column":22},"end":{"line":32,"column":50}},"3":{"start":{"line":34,"column":9},"end":{"line":34,"column":21}},"4":{"start":{"line":36,"column":9},"end":{"line":36,"column":58}},"5":{"start":{"line":37,"column":9},"end":{"line":37,"column":21}},"6":{"start":{"line":56,"column":22},"end":{"line":56,"column":41}},"7":{"start":{"line":57,"column":21},"end":{"line":57,"column":42}},"8":{"start":{"line":59,"column":6},"end":{"line":59,"column":37}},"9":{"start":{"line":60,"column":6},"end":{"line":84,"column":7}},"10":{"start":{"line":61,"column":21},"end":{"line":61,"column":23}},"11":{"start":{"line":62,"column":9},"end":{"line":74,"column":10}},"12":{"start":{"line":63,"column":12},"end":{"line":63,"column":57}},"13":{"start":{"line":64,"column":12},"end":{"line":70,"column":13}},"14":{"start":{"line":64,"column":25},"end":{"line":64,"column":26}},"15":{"start":{"line":65,"column":15},"end":{"line":69,"column":16}},"16":{"start":{"line":66,"column":18},"end":{"line":66,"column":49}},"17":{"start":{"line":68,"column":18},"end":{"line":68,"column":52}},"18":{"start":{"line":73,"column":12},"end":{"line":73,"column":74}},"19":{"start":{"line":76,"column":9},"end":{"line":76,"column":27}},"20":{"start":{"line":78,"column":24},"end":{"line":78,"column":60}},"21":{"start":{"line":79,"column":9},"end":{"line":79,"column":41}},"22":{"start":{"line":80,"column":9},"end":{"line":80,"column":23}},"23":{"start":{"line":82,"column":9},"end":{"line":82,"column":57}},"24":{"start":{"line":83,"column":9},"end":{"line":83,"column":21}},"25":{"start":{"line":102,"column":6},"end":{"line":129,"column":7}},"26":{"start":{"line":103,"column":25},"end":{"line":103,"column":44}},"27":{"start":{"line":104,"column":24},"end":{"line":104,"column":45}},"28":{"start":{"line":106,"column":21},"end":{"line":106,"column":50}},"29":{"s
[...]
,"E:\\LeoLChalot\\github\\distant\\BTSSIO-maison-des-ligues\\server\\models\\PanierDAO.js": {"path":"E:\\LeoLChalot\\github\\distant\\BTSSIO-maison-des-ligues\\server\\models\\PanierDAO.js","statementMap":{"0":{"start":{"line":1,"column":17},"end":{"line":1,"column":38}},"1":{"start":{"line":4,"column":6},"end":{"line":4,"column":14}},"2":{"start":{"line":5,"column":6},"end":{"line":5,"column":28}},"3":{"start":{"line":9,"column":0},"end":{"line":9,"column":27}}},"fnMap":{"0":{"name":"(anonymous_0)","decl":{"start":{"line":3,"column":3},"end":{"line":3,"column":4}},"loc":{"start":{"line":3,"column":17},"end":{"line":6,"column":4}},"line":3}},"branchMap":{},"s":{"0":1,"1":0,"2":0,"3":1},"f":{"0":0},"b":{},"_coverageSchema":"1a1c01bbd47fc00a2c39e90264f33305004495a9","hash":"d03072b9754ace9e54776c9559a77d04f485f316"}
,"E:\\LeoLChalot\\github\\distant\\BTSSIO-maison-des-ligues\\server\\models\\Panier_ProduitsDAO.js": {"path":"E:\\LeoLChalot\\github\\distant\\BTSSIO-maison-des-ligues\\server\\models\\Panier_ProduitsDAO.js","statementMap":{"0":{"start":{"line":1,"column":17},"end":{"line":1,"column":38}},"1":{"start":{"line":4,"column":6},"end":{"line":4,"column":14}},"2":{"start":{"line":5,"column":6},"end":{"line":5,"column":37}},"3":{"start":{"line":16,"column":6},"end":{"line":35,"column":7}},"4":{"start":{"line":17,"column":23},"end":{"line":27,"column":36}},"5":{"start":{"line":28,"column":9},"end":{"line":28,"column":56}},"6":{"start":{"line":29,"column":22},"end":{"line":29,"column":63}},"7":{"start":{"line":30,"column":9},"end":{"line":30,"column":27}},"8":{"start":{"line":31,"column":9},"end":{"line":31,"column":21}},"9":{"start":{"line":33,"column":9},"end":{"line":33,"column":58}},"10":{"start":{"line":34,"column":9},"end":{"line":34,"column":21}},"11":{"start":{"line":39,"column":0},"end":{"line":39,"column":36}}},"fnMap":{"0":{"name":"(anonymous_0)","decl":{"start":{"line":3,"column":3},"end":{"line":3,"column":4}},"loc":{"start":{"line":3,"column":17},"end":{"line":6,"column":4}},"line":3},"1":{"name":"(anonymous_1)","decl":{"start":{"line":15,"column":3},"end":{"line":15,"column":4}},"loc":{"start":{"line":15,"column":46},"end":{"line":36,"column":4}},"line":15}},"branchMap":{},"s":{"0":1,"1":0,"2":0,"3":0,"4":0,"5":0,"6":0,"7":0,"8":0,"9":0,"10":0,"11":1},"f":{"0":0,"1":0},"b":{},"_coverageSchema":"1a1c01bbd47fc00a2c39e90264f33305004495a9","hash":"8eeb37bf0910639f3236816966d71d871e31a505"}
,"E:\\LeoLChalot\\github\\distant\\BTSSIO-maison-des-ligues\\server\\models\\UtilisateurDAO.js": {"path":"E:\\LeoLChalot\\github\\distant\\BTSSIO-maison-des-ligues\\server\\models\\UtilisateurDAO.js","statementMap":{"0":{"start":{"line":1,"column":17},"end":{"line":1,"column":38}},"1":{"start":{"line":4,"column":6},"end":{"line":4,"column":14}},"2":{"start":{"line":5,"column":6},"end":{"line":5,"column":34}},"3":{"start":{"line":9,"column":0},"end":{"line":9,"column":32}}},"fnMap":{"0":{"name":"(anonymous_0)","decl":{"start":{"line":3,"column":3},"end":{"line":3,"column":4}},"loc":{"start":{"line":3,"column":17},"end":{"line":6,"column":4}},"line":3}},"branchMap":{},"s":{"0":1,"1":0,"2":0,"3":1},"f":{"0":0},"b":{},"_coverageSchema":"1a1c01bbd47fc00a2c39e90264f33305004495a9","hash":"ab0614f2599760b899663df237897bc31ab11b1e"}
,"E:\\LeoLChalot\\github\\distant\\BTSSIO-maison-des-ligues\\server\\routes\\adminRoute.js": {"path":"E:\\LeoLChalot\\github\\distant\\BTSSIO-maison-des-ligues\\server\\routes\\adminRoute.js","statementMap":{"0":{"start":{"line":1,"column":16},"end":{"line":1,"column":34}},"1":{"start":{"line":2,"column":15},"end":{"line":2,"column":31}},"2":{"start":{"line":3,"column":23},"end":{"line":3,"column":38}},"3":{"start":{"line":4,"column":15},"end":{"line":4,"column":32}},"4":{"start":{"line":6,"column":19},"end":{"line":10,"column":1}},"5":{"start":{"line":12,"column":16},"end":{"line":21,"column":2}},"6":{"start":{"line":14,"column":6},"end":{"line":14,"column":25}},"7":{"start":{"line":17,"column":19},"end":{"line":17,"column":57}},"8":{"start":{"line":18,"column":24},"end":{"line":18,"column":49}},"9":{"start":{"line":19,"column":6},"end":{"line":19,"column":52}},"10":{"start":{"line":22,"column":15},"end":{"line":22,"column":43}},"11":{"start":{"line":23,"column":24},"end":{"line":23,"column":64}},"12":{"start":{"line":25,"column":0},"end":{"line":32,"column":3}},"13":{"start":{"line":26,"column":3},"end":{"line":31,"column":4}},"14":{"start":{"line":27,"column":6},"end":{"line":27,"column":37}},"15":{"start":{"line":29,"column":6},"end":{"line":29,"column":59}},"16":{"start":{"line":30,"column":6},"end":{"line":30,"column":52}},"17":{"start":{"line":34,"column":0},"end":{"line":40,"column":2}},"18":{"start":{"line":38,"column":6},"end":{"line":38,"column":53}},"19":{"start":{"line":42,"column":0},"end":{"line":48,"column":2}},"20":{"start":{"line":46,"column":6},"end":{"line":46,"column":53}},"21":{"start":{"line":50,"column":0},"end":{"line":56,"column":2}},"22":{"start":{"line":54,"column":6},"end":{"line":54,"column":53}},"23":{"start":{"line":58,"column":0},"end":{"line":65,"column":2}},"24":{"start":{"line":63,"column":6},"end":{"line":63,"column":53}},"25":{"start":{"line":67,"column":0},"end":{"line":74,"column":2}},"26":{"start":{"line":72,"column":6},"end":{"line":72,"column":53}},"27":{"start":{"line":76,"column":0},"end":{"line":82,"column":2}},"28":{"start":{"line":80,"column":6},"end":{"line":80,"column":53}},"29":{"start":{"line":86,"column":0},"end":{"line":86,"column":24}}},"fnMap":{"0":{"name":"(anonymous_0)","decl":{"start":{"line":13,"column":16},"end":{"line":13,"column":17}},"loc":{"start":{"line":13,"column":41},"end":{"line":15,"column":4}},"line":13},"1":{"name":"(anonymous_1)","decl":{"start":{"line":16,"column":13},"end":{"line":16,"column":14}},"loc":{"start":{"line":16,"column":38},"end":{"line":20,"column":4}},"line":16},"2":{"name":"(anonymous_2)","decl":{"start":{"line":25,"column":16},"end":{"line":25,"column":17}},"loc":{"start":{"line":25,"column":36},"end":{"line":32,"column":1}},"line":25},"3":{"name":"(anonymous_3)","decl":{"start":{"line":37,"column":3},"end":{"line":37,"column":4}},"loc":{"start":{"line":37,"column":23},"end":{"line":39,"column":4}},"line":37},"4":{"name":"(anonymous_4)","decl":{"start":{"line":45,"column":3},"end":{"line":45,"column":4}},"loc":{"start":{"line":45,"column":23},"end":{"line":47,"column":4}},"line":45},"5":{"name":"(anonymous_5)","decl":{"start":{"line":53,"column":3},"end":{"line":53,"column":4}},"loc":{"start":{"line":53,"column":23},"end":{"line":55,"column":4}},"line":53},"6":{"name":"(anonymous_6)","decl":{"start":{"line":62,"column":3},"end":{"line":62,"column":4}},"loc":{"start":{"line":62,"column":23},"end":{"line":64,"column":4}},"line":62},"7":{"name":"(anonymous_7)","decl":{"start":{"line":71,"column":3},"end":{"line":71,"column":4}},"loc":{"start":{"line":71,"column":23},"end":{"line":73,"column":4}},"line":71},"8":{"name":"(anonymous_8)","decl":{"start":{"line":79,"column":3},"end":{"line":79,"column":4}},"loc":{"start":{"line":79,"column":23},"end":{"line":81,"column":4}},"line":79}},"branchMap":{},"s":{"0":1,"1":1,"2":1,"3":1,"4":1,"5":1,"6":0,"7":0,"8":0,"9":0,"10":1,"11":1,"12":1,"13":0,"14":0,"15":0,"16":0,"17":1,"18":0,"19":1,"20":0,"21":1,"22":0,"23":1,"24":0,"25":1,"26":0,"27":1,"28":0,"29":1},"f":{"0":0,"1":0,"2":0,"3":0,"4":0,"5":0,"6":0,"7":0,"8":0},"b":{},"_coverageSchema":"1a1c01bbd47fc00a2c39e90264f33305004495a9","hash":"ef9494d7a3b04b239f741dc4b0bc5ad36efae807"}
,"E:\\LeoLChalot\\github\\distant\\BTSSIO-maison-des-ligues\\server\\routes\\boutiqueRoute.js": {"path":"E:\\LeoLChalot\\github\\distant\\BTSSIO-maison-des-ligues\\server\\routes\\boutiqueRoute.js","statementMap":{"0":{"start":{"line":1,"column":16},"end":{"line":1,"column":34}},"1":{"start":{"line":2,"column":15},"end":{"line":2,"column":31}},"2":{"start":{"line":3,"column":27},"end":{"line":3,"column":70}},"3":{"start":{"line":4,"column":21},"end":{"line":4,"column":45}},"4":{"start":{"line":6,"column":0},"end":{"line":11,"column":2}},"5":{"start":{"line":13,"column":0},"end":{"line":27,"column":3}},"6":{"start":{"line":14,"column":3},"end":{"line":26,"column":4}},"7":{"start":{"line":15,"column":26},"end":{"line":15,"column":35}},"8":{"start":{"line":16,"column":6},"end":{"line":22,"column":7}},"9":{"start":{"line":17,"column":9},"end":{"line":17,"column":56}},"10":{"start":{"line":18,"column":13},"end":{"line":22,"column":7}},"11":{"start":{"line":19,"column":8},"end":{"line":19,"column":53}},"12":{"start":{"line":21,"column":9},"end":{"line":21,"column":55}},"13":{"start":{"line":24,"column":6},"end":{"line":24,"column":53}},"14":{"start":{"line":25,"column":6},"end":{"line":25,"column":18}},"15":{"start":{"line":29,"column":0},"end":{"line":45,"column":3}},"16":{"start":{"line":30,"column":3},"end":{"line":44,"column":4}},"17":{"start":{"line":31,"column":48},"end":{"line":31,"column":57}},"18":{"start":{"line":32,"column":6},"end":{"line":40,"column":7}},"19":{"start":{"line":33,"column":9},"end":{"line":33,"column":55}},"20":{"start":{"line":34,"column":13},"end":{"line":40,"column":7}},"21":{"start":{"line":35,"column":9},"end":{"line":35,"column":62}},"22":{"start":{"line":36,"column":13},"end":{"line":40,"column":7}},"23":{"start":{"line":37,"column":9},"end":{"line":37,"column":53}},"24":{"start":{"line":39,"column":9},"end":{"line":39,"column":53}},"25":{"start":{"line":42,"column":6},"end":{"line":42,"column":53}},"26":{"start":{"line":43,"column":6},"end":{"line":43,"column":18}},"27":{"start":{"line":47,"column":0},"end":{"line":47,"column":24}}},"fnMap":{"0":{"name":"(anonymous_0)","decl":{"start":{"line":13,"column":26},"end":{"line":13,"column":27}},"loc":{"start":{"line":13,"column":46},"end":{"line":27,"column":1}},"line":13},"1":{"name":"(anonymous_1)","decl":{"start":{"line":29,"column":24},"end":{"line":29,"column":25}},"loc":{"start":{"line":29,"column":44},"end":{"line":45,"column":1}},"line":29}},"branchMap":{"0":{"loc":{"start":{"line":16,"column":6},"end":{"line":22,"column":7}},"type":"if","locations":[{"start":{"line":16,"column":6},"end":{"line":22,"column":7}},{"start":{"line":18,"column":13},"end":{"line":22,"column":7}}],"line":16},"1":{"loc":{"start":{"line":18,"column":13},"end":{"line":22,"column":7}},"type":"if","locations":[{"start":{"line":18,"column":13},"end":{"line":22,"column":7}},{"start":{"line":20,"column":13},"end":{"line":22,"column":7}}],"line":18},"2":{"loc":{"start":{"line":32,"column":6},"end":{"line":40,"column":7}},"type":"if","locations":[{"start":{"line":32,"column":6},"end":{"line":40,"column":7}},{"start":{"line":34,"column":13},"end":{"line":40,"column":7}}],"line":32},"3":{"loc":{"start":{"line":34,"column":13},"end":{"line":40,"column":7}},"type":"if","locations":[{"start":{"line":34,"column":13},"end":{"line":40,"column":7}},{"start":{"line":36,"column":13},"end":{"line":40,"column":7}}],"line":34},"4":{"loc":{"start":{"line":36,"column":13},"end":{"line":40,"column":7}},"type":"if","locations":[{"start":{"line":36,"column":13},"end":{"line":40,"column":7}},{"start":{"line":38,"column":13},"end":{"line":40,"column":7}}],"line":36}},"s":{"0":1,"1":1,"2":1,"3":1,"4":1,"5":1,"6":1,"7":1,"8":1,"9":0,"10":1,"11":0,"12":1,"13":0,"14":0,"15":1,"16":1,"17":1,"18":1,"19":0,"20":1,"21":0,"22":1,"23":0,"24":1,"25":0,"26":0,"27":1},"f":{"0":1,"1":1},"b":{"0":[0,1],"1":[0,1],"2":[0,1],"3":[0,1],"4":[0,1]},"_coverageSchema":"1a1c01bbd47fc00a2c39e90264f33305004495a9","hash":"47109bbb139abdbb06a252903e11fd3dbeacdd43"}
,"E:\\LeoLChalot\\github\\distant\\BTSSIO-maison-des-ligues\\server\\routes\\panierRoute.js": {"path":"E:\\LeoLChalot\\github\\distant\\BTSSIO-maison-des-ligues\\server\\routes\\panierRoute.js","statementMap":{"0":{"start":{"line":1,"column":16},"end":{"line":1,"column":34}},"1":{"start":{"line":2,"column":15},"end":{"line":2,"column":31}},"2":{"start":{"line":4,"column":23},"end":{"line":4,"column":38}},"3":{"start":{"line":5,"column":21},"end":{"line":5,"column":45}},"4":{"start":{"line":7,"column":22},"end":{"line":7,"column":55}},"5":{"start":{"line":9,"column":22},"end":{"line":9,"column":65}},"6":{"start":{"line":10,"column":25},"end":{"line":10,"column":66}},"7":{"start":{"line":37,"column":0},"end":{"line":45,"column":3}},"8":{"start":{"line":38,"column":22},"end":{"line":38,"column":32}},"9":{"start":{"line":39,"column":3},"end":{"line":43,"column":4}},"10":{"start":{"line":40,"column":6},"end":{"line":42,"column":9}},"11":{"start":{"line":44,"column":3},"end":{"line":44,"column":43}},"12":{"start":{"line":47,"column":0},"end":{"line":47,"column":68}},"13":{"start":{"line":49,"column":0},"end":{"line":51,"column":1}},"14":{"start":{"line":53,"column":0},"end":{"line":53,"column":24}}},"fnMap":{"0":{"name":"(anonymous_0)","decl":{"start":{"line":37,"column":33},"end":{"line":37,"column":34}},"loc":{"start":{"line":37,"column":53},"end":{"line":45,"column":1}},"line":37}},"branchMap":{"0":{"loc":{"start":{"line":39,"column":3},"end":{"line":43,"column":4}},"type":"if","locations":[{"start":{"line":39,"column":3},"end":{"line":43,"column":4}},{"start":{},"end":{}}],"line":39}},"s":{"0":1,"1":1,"2":1,"3":1,"4":1,"5":1,"6":1,"7":1,"8":0,"9":0,"10":0,"11":0,"12":1,"13":1,"14":1},"f":{"0":0},"b":{"0":[0,0]},"_coverageSchema":"1a1c01bbd47fc00a2c39e90264f33305004495a9","hash":"54fc880d4c542aed08c9c3f670b0cc32ded0428d"}
,"E:\\LeoLChalot\\github\\distant\\BTSSIO-maison-des-ligues\\server\\routes\\testsRoute.js": {"path":"E:\\LeoLChalot\\github\\distant\\BTSSIO-maison-des-ligues\\server\\routes\\testsRoute.js","statementMap":{"0":{"start":{"line":1,"column":16},"end":{"line":1,"column":34}},"1":{"start":{"line":2,"column":15},"end":{"line":2,"column":31}},"2":{"start":{"line":4,"column":21},"end":{"line":4,"column":54}},"3":{"start":{"line":6,"column":0},"end":{"line":23,"column":3}},"4":{"start":{"line":8,"column":3},"end":{"line":22,"column":4}},"5":{"start":{"line":9,"column":6},"end":{"line":9,"column":47}},"6":{"start":{"line":11,"column":6},"end":{"line":14,"column":9}},"7":{"start":{"line":16,"column":6},"end":{"line":16,"column":60}},"8":{"start":{"line":17,"column":6},"end":{"line":17,"column":52}},"9":{"start":{"line":19,"column":6},"end":{"line":21,"column":7}},"10":{"start":{"line":20,"column":9},"end":{"line":20,"column":44}},"11":{"start":{"line":25,"column":0},"end":{"line":37,"column":3}},"12":{"start":{"line":27,"column":3},"end":{"line":36,"column":4}},"13":{"start":{"line":28,"column":6},"end":{"line":28,"column":47}},"14":{"start":{"line":30,"column":6},"end":{"line":30,"column":60}},"15":{"start":{"line":31,"column":6},"end":{"line":31,"column":52}},"16":{"start":{"line":33,"column":6},"end":{"line":35,"column":7}},"17":{"start":{"line":34,"column":9},"end":{"line":34,"column":44}},"18":{"start":{"line":39,"column":0},"end":{"line":51,"column":3}},"19":{"start":{"line":41,"column":3},"end":{"line":50,"column":4}},"20":{"start":{"line":42,"column":6},"end":{"line":42,"column":47}},"21":{"start":{"line":44,"column":6},"end":{"line":44,"column":60}},"22":{"start":{"line":45,"column":6},"end":{"line":45,"column":52}},"23":{"start":{"line":47,"column":6},"end":{"line":49,"column":7}},"24":{"start":{"line":48,"column":9},"end":{"line":48,"column":44}},"25":{"start":{"line":53,"column":0},"end":{"line":65,"column":3}},"26":{"start":{"line":55,"column":3},"end":{"line":64,"column":4}},"27":{"start":{"line":56,"column":6},"end":{"line":56,"column":47}},"28":{"start":{"line":58,"column":6},"end":{"line":58,"column":60}},"29":{"start":{"line":59,"column":6},"end":{"line":59,"column":52}},"30":{"start":{"line":61,"column":6},"end":{"line":63,"column":7}},"31":{"start":{"line":62,"column":9},"end":{"line":62,"column":44}},"32":{"start":{"line":67,"column":0},"end":{"line":67,"column":24}}},"fnMap":{"0":{"name":"(anonymous_0)","decl":{"start":{"line":6,"column":16},"end":{"line":6,"column":17}},"loc":{"start":{"line":6,"column":36},"end":{"line":23,"column":1}},"line":6},"1":{"name":"(anonymous_1)","decl":{"start":{"line":25,"column":17},"end":{"line":25,"column":18}},"loc":{"start":{"line":25,"column":37},"end":{"line":37,"column":1}},"line":25},"2":{"name":"(anonymous_2)","decl":{"start":{"line":39,"column":16},"end":{"line":39,"column":17}},"loc":{"start":{"line":39,"column":36},"end":{"line":51,"column":1}},"line":39},"3":{"name":"(anonymous_3)","decl":{"start":{"line":53,"column":19},"end":{"line":53,"column":20}},"loc":{"start":{"line":53,"column":39},"end":{"line":65,"column":1}},"line":53}},"branchMap":{"0":{"loc":{"start":{"line":19,"column":6},"end":{"line":21,"column":7}},"type":"if","locations":[{"start":{"line":19,"column":6},"end":{"line":21,"column":7}},{"start":{},"end":{}}],"line":19},"1":{"loc":{"start":{"line":33,"column":6},"end":{"line":35,"column":7}},"type":"if","locations":[{"start":{"line":33,"column":6},"end":{"line":35,"column":7}},{"start":{},"end":{}}],"line":33},"2":{"loc":{"start":{"line":47,"column":6},"end":{"line":49,"column":7}},"type":"if","locations":[{"start":{"line":47,"column":6},"end":{"line":49,"column":7}},{"start":{},"end":{}}],"line":47},"3":{"loc":{"start":{"line":61,"column":6},"end":{"line":63,"column":7}},"type":"if","locations":[{"start":{"line":61,"column":6},"end":{"line":63,"column":7}},{"start":{},"end":{}}],"line":61}},"s":{"0":1,"1":1,"2":1,"3":1,"4":0,"5":0,"6":0,"7":0,"8":0,"9":0,"10":0,"11":1,"12":0,"13":0,"14":0,"15":0,"16":0,"17":0,"18":1,"19":0,"20":0,"21":0,"22":0,"23":0,"24":0,"25":1,"26":0,"27":0,"28":0,"29":0,"30":0,"31":0,"32":1},"f":{"0":0,"1":0,"2":0,"3":0},"b":{"0":[0,0],"1":[0,0],"2":[0,0],"3":[0,0]},"_coverageSchema":"1a1c01bbd47fc00a2c39e90264f33305004495a9","hash":"28a2cdae2e8e71e37ce1c3009e406287d105424c"}
,"E:\\LeoLChalot\\github\\distant\\BTSSIO-maison-des-ligues\\server\\routes\\usersRoute.js": {"path":"E:\\LeoLChalot\\github\\distant\\BTSSIO-maison-des-ligues\\server\\routes\\usersRoute.js","statementMap":{"0":{"start":{"line":1,"column":16},"end":{"line":1,"column":34}},"1":{"start":{"line":2,"column":15},"end":{"line":2,"column":31}},"2":{"start":{"line":4,"column":21},"end":{"line":4,"column":45}},"3":{"start":{"line":6,"column":23},"end":{"line":6,"column":62}},"4":{"start":{"line":8,"column":0},"end":{"line":10,"column":3}},"5":{"start":{"line":9,"column":3},"end":{"line":9,"column":43}},"6":{"start":{"line":12,"column":0},"end":{"line":18,"column":2}},"7":{"start":{"line":16,"column":6},"end":{"line":16,"column":46}},"8":{"start":{"line":20,"column":0},"end":{"line":27,"column":2}},"9":{"start":{"line":25,"column":6},"end":{"line":25,"column":46}},"10":{"start":{"line":29,"column":0},"end":{"line":29,"column":24}}},"fnMap":{"0":{"name":"(anonymous_0)","decl":{"start":{"line":8,"column":44},"end":{"line":8,"column":45}},"loc":{"start":{"line":8,"column":64},"end":{"line":10,"column":1}},"line":8},"1":{"name":"(anonymous_1)","decl":{"start":{"line":15,"column":3},"end":{"line":15,"column":4}},"loc":{"start":{"line":15,"column":23},"end":{"line":17,"column":4}},"line":15},"2":{"name":"(anonymous_2)","decl":{"start":{"line":24,"column":3},"end":{"line":24,"column":4}},"loc":{"start":{"line":24,"column":23},"end":{"line":26,"column":4}},"line":24}},"branchMap":{},"s":{"0":1,"1":1,"2":1,"3":1,"4":1,"5":0,"6":1,"7":0,"8":1,"9":0,"10":1},"f":{"0":0,"1":0,"2":0},"b":{},"_coverageSchema":"1a1c01bbd47fc00a2c39e90264f33305004495a9","hash":"4525c6d03f8e47fe67cd42217aeec2db382b42d4"}
}
